C:\USERS\OREN ISH SHALOM\DOCUMENTS\JOB\MTA\2012-2013\2013_FEBRUARY_01\COMPILATION\FLEX\DEBUG\CCL.OBJ
C:\USERS\OREN ISH SHALOM\DOCUMENTS\JOB\MTA\2012-2013\2013_FEBRUARY_01\COMPILATION\FLEX\DEBUG\DFA.OBJ
C:\USERS\OREN ISH SHALOM\DOCUMENTS\JOB\MTA\2012-2013\2013_FEBRUARY_01\COMPILATION\FLEX\DEBUG\ECS.OBJ
C:\USERS\OREN ISH SHALOM\DOCUMENTS\JOB\MTA\2012-2013\2013_FEBRUARY_01\COMPILATION\FLEX\DEBUG\FLEX.EXE
C:\USERS\OREN ISH SHALOM\DOCUMENTS\JOB\MTA\2012-2013\2013_FEBRUARY_01\COMPILATION\FLEX\DEBUG\FLEX.EXE.EMBED.MANIFEST
C:\USERS\OREN ISH SHALOM\DOCUMENTS\JOB\MTA\2012-2013\2013_FEBRUARY_01\COMPILATION\FLEX\DEBUG\FLEX.EXE.EMBED.MANIFEST.RES
C:\USERS\OREN ISH SHALOM\DOCUMENTS\JOB\MTA\2012-2013\2013_FEBRUARY_01\COMPILATION\FLEX\DEBUG\FLEX.EXE.INTERMEDIATE.MANIFEST
C:\USERS\OREN ISH SHALOM\DOCUMENTS\JOB\MTA\2012-2013\2013_FEBRUARY_01\COMPILATION\FLEX\DEBUG\FLEX.ILK
C:\USERS\OREN ISH SHALOM\DOCUMENTS\JOB\MTA\2012-2013\2013_FEBRUARY_01\COMPILATION\FLEX\DEBUG\FLEX.PDB
C:\USERS\OREN ISH SHALOM\DOCUMENTS\JOB\MTA\2012-2013\2013_FEBRUARY_01\COMPILATION\FLEX\DEBUG\GEN.OBJ
C:\USERS\OREN ISH SHALOM\DOCUMENTS\JOB\MTA\2012-2013\2013_FEBRUARY_01\COMPILATION\FLEX\DEBUG\INITSCAN.OBJ
C:\USERS\OREN ISH SHALOM\DOCUMENTS\JOB\MTA\2012-2013\2013_FEBRUARY_01\COMPILATION\FLEX\DEBUG\MAIN.OBJ
C:\USERS\OREN ISH SHALOM\DOCUMENTS\JOB\MTA\2012-2013\2013_FEBRUARY_01\COMPILATION\FLEX\DEBUG\MISC.OBJ
C:\USERS\OREN ISH SHALOM\DOCUMENTS\JOB\MTA\2012-2013\2013_FEBRUARY_01\COMPILATION\FLEX\DEBUG\NFA.OBJ
C:\USERS\OREN ISH SHALOM\DOCUMENTS\JOB\MTA\2012-2013\2013_FEBRUARY_01\COMPILATION\FLEX\DEBUG\PARSE.OBJ
C:\USERS\OREN ISH SHALOM\DOCUMENTS\JOB\MTA\2012-2013\2013_FEBRUARY_01\COMPILATION\FLEX\DEBUG\SKEL.OBJ
C:\USERS\OREN ISH SHALOM\DOCUMENTS\JOB\MTA\2012-2013\2013_FEBRUARY_01\COMPILATION\FLEX\DEBUG\SYM.OBJ
C:\USERS\OREN ISH SHALOM\DOCUMENTS\JOB\MTA\2012-2013\2013_FEBRUARY_01\COMPILATION\FLEX\DEBUG\TBLCMP.OBJ
C:\USERS\OREN ISH SHALOM\DOCUMENTS\JOB\MTA\2012-2013\2013_FEBRUARY_01\COMPILATION\FLEX\DEBUG\VC100.PDB
C:\USERS\OREN ISH SHALOM\DOCUMENTS\JOB\MTA\2012-2013\2013_FEBRUARY_01\COMPILATION\FLEX\DEBUG\YYLEX.OBJ
C:\USERS\OREN ISH SHALOM\DOCUMENTS\JOB\MTA\2012-2013\2013_FEBRUARY_26\COMPILATION\STEP_01_LEXICAL_ANALYZER\FLEX\DEBUG\CCL.OBJ
C:\USERS\OREN ISH SHALOM\DOCUMENTS\JOB\MTA\2012-2013\2013_FEBRUARY_26\COMPILATION\STEP_01_LEXICAL_ANALYZER\FLEX\DEBUG\DFA.OBJ
C:\USERS\OREN ISH SHALOM\DOCUMENTS\JOB\MTA\2012-2013\2013_FEBRUARY_26\COMPILATION\STEP_01_LEXICAL_ANALYZER\FLEX\DEBUG\ECS.OBJ
C:\USERS\OREN ISH SHALOM\DOCUMENTS\JOB\MTA\2012-2013\2013_FEBRUARY_26\COMPILATION\STEP_01_LEXICAL_ANALYZER\FLEX\DEBUG\FLEX.EXE
C:\USERS\OREN ISH SHALOM\DOCUMENTS\JOB\MTA\2012-2013\2013_FEBRUARY_26\COMPILATION\STEP_01_LEXICAL_ANALYZER\FLEX\DEBUG\FLEX.EXE.EMBED.MANIFEST.RES
C:\USERS\OREN ISH SHALOM\DOCUMENTS\JOB\MTA\2012-2013\2013_FEBRUARY_26\COMPILATION\STEP_01_LEXICAL_ANALYZER\FLEX\DEBUG\FLEX.EXE.INTERMEDIATE.MANIFEST
C:\USERS\OREN ISH SHALOM\DOCUMENTS\JOB\MTA\2012-2013\2013_FEBRUARY_26\COMPILATION\STEP_01_LEXICAL_ANALYZER\FLEX\DEBUG\FLEX.ILK
C:\USERS\OREN ISH SHALOM\DOCUMENTS\JOB\MTA\2012-2013\2013_FEBRUARY_26\COMPILATION\STEP_01_LEXICAL_ANALYZER\FLEX\DEBUG\FLEX.PDB
C:\USERS\OREN ISH SHALOM\DOCUMENTS\JOB\MTA\2012-2013\2013_FEBRUARY_26\COMPILATION\STEP_01_LEXICAL_ANALYZER\FLEX\DEBUG\GEN.OBJ
C:\USERS\OREN ISH SHALOM\DOCUMENTS\JOB\MTA\2012-2013\2013_FEBRUARY_26\COMPILATION\STEP_01_LEXICAL_ANALYZER\FLEX\DEBUG\INITSCAN.OBJ
C:\USERS\OREN ISH SHALOM\DOCUMENTS\JOB\MTA\2012-2013\2013_FEBRUARY_26\COMPILATION\STEP_01_LEXICAL_ANALYZER\FLEX\DEBUG\MAIN.OBJ
C:\USERS\OREN ISH SHALOM\DOCUMENTS\JOB\MTA\2012-2013\2013_FEBRUARY_26\COMPILATION\STEP_01_LEXICAL_ANALYZER\FLEX\DEBUG\MISC.OBJ
C:\USERS\OREN ISH SHALOM\DOCUMENTS\JOB\MTA\2012-2013\2013_FEBRUARY_26\COMPILATION\STEP_01_LEXICAL_ANALYZER\FLEX\DEBUG\NFA.OBJ
C:\USERS\OREN ISH SHALOM\DOCUMENTS\JOB\MTA\2012-2013\2013_FEBRUARY_26\COMPILATION\STEP_01_LEXICAL_ANALYZER\FLEX\DEBUG\PARSE.OBJ
C:\USERS\OREN ISH SHALOM\DOCUMENTS\JOB\MTA\2012-2013\2013_FEBRUARY_26\COMPILATION\STEP_01_LEXICAL_ANALYZER\FLEX\DEBUG\SKEL.OBJ
C:\USERS\OREN ISH SHALOM\DOCUMENTS\JOB\MTA\2012-2013\2013_FEBRUARY_26\COMPILATION\STEP_01_LEXICAL_ANALYZER\FLEX\DEBUG\SYM.OBJ
C:\USERS\OREN ISH SHALOM\DOCUMENTS\JOB\MTA\2012-2013\2013_FEBRUARY_26\COMPILATION\STEP_01_LEXICAL_ANALYZER\FLEX\DEBUG\TBLCMP.OBJ
C:\USERS\OREN ISH SHALOM\DOCUMENTS\JOB\MTA\2012-2013\2013_FEBRUARY_26\COMPILATION\STEP_01_LEXICAL_ANALYZER\FLEX\DEBUG\VC100.PDB
C:\USERS\OREN ISH SHALOM\DOCUMENTS\JOB\MTA\2012-2013\2013_FEBRUARY_26\COMPILATION\STEP_01_LEXICAL_ANALYZER\FLEX\DEBUG\YYLEX.OBJ
C:\USERS\OREN ISH SHALOM\DOCUMENTS\JOB\MTA\2013-2014\SEMESTER_02\COMPILATION\COMPILATION_FOR_STUDENTS\STEP_01_LEXICAL_ANALYZER\FLEX\DEBUG\CCL.OBJ
C:\USERS\OREN ISH SHALOM\DOCUMENTS\JOB\MTA\2013-2014\SEMESTER_02\COMPILATION\COMPILATION_FOR_STUDENTS\STEP_01_LEXICAL_ANALYZER\FLEX\DEBUG\DFA.OBJ
C:\USERS\OREN ISH SHALOM\DOCUMENTS\JOB\MTA\2013-2014\SEMESTER_02\COMPILATION\COMPILATION_FOR_STUDENTS\STEP_01_LEXICAL_ANALYZER\FLEX\DEBUG\ECS.OBJ
C:\USERS\OREN ISH SHALOM\DOCUMENTS\JOB\MTA\2013-2014\SEMESTER_02\COMPILATION\COMPILATION_FOR_STUDENTS\STEP_01_LEXICAL_ANALYZER\FLEX\DEBUG\FLEX.EXE
C:\USERS\OREN ISH SHALOM\DOCUMENTS\JOB\MTA\2013-2014\SEMESTER_02\COMPILATION\COMPILATION_FOR_STUDENTS\STEP_01_LEXICAL_ANALYZER\FLEX\DEBUG\FLEX.EXE.EMBED.MANIFEST.RES
C:\USERS\OREN ISH SHALOM\DOCUMENTS\JOB\MTA\2013-2014\SEMESTER_02\COMPILATION\COMPILATION_FOR_STUDENTS\STEP_01_LEXICAL_ANALYZER\FLEX\DEBUG\FLEX.EXE.INTERMEDIATE.MANIFEST
C:\USERS\OREN ISH SHALOM\DOCUMENTS\JOB\MTA\2013-2014\SEMESTER_02\COMPILATION\COMPILATION_FOR_STUDENTS\STEP_01_LEXICAL_ANALYZER\FLEX\DEBUG\FLEX.ILK
C:\USERS\OREN ISH SHALOM\DOCUMENTS\JOB\MTA\2013-2014\SEMESTER_02\COMPILATION\COMPILATION_FOR_STUDENTS\STEP_01_LEXICAL_ANALYZER\FLEX\DEBUG\FLEX.PDB
C:\USERS\OREN ISH SHALOM\DOCUMENTS\JOB\MTA\2013-2014\SEMESTER_02\COMPILATION\COMPILATION_FOR_STUDENTS\STEP_01_LEXICAL_ANALYZER\FLEX\DEBUG\GEN.OBJ
C:\USERS\OREN ISH SHALOM\DOCUMENTS\JOB\MTA\2013-2014\SEMESTER_02\COMPILATION\COMPILATION_FOR_STUDENTS\STEP_01_LEXICAL_ANALYZER\FLEX\DEBUG\INITSCAN.OBJ
C:\USERS\OREN ISH SHALOM\DOCUMENTS\JOB\MTA\2013-2014\SEMESTER_02\COMPILATION\COMPILATION_FOR_STUDENTS\STEP_01_LEXICAL_ANALYZER\FLEX\DEBUG\MAIN.OBJ
C:\USERS\OREN ISH SHALOM\DOCUMENTS\JOB\MTA\2013-2014\SEMESTER_02\COMPILATION\COMPILATION_FOR_STUDENTS\STEP_01_LEXICAL_ANALYZER\FLEX\DEBUG\MISC.OBJ
C:\USERS\OREN ISH SHALOM\DOCUMENTS\JOB\MTA\2013-2014\SEMESTER_02\COMPILATION\COMPILATION_FOR_STUDENTS\STEP_01_LEXICAL_ANALYZER\FLEX\DEBUG\NFA.OBJ
C:\USERS\OREN ISH SHALOM\DOCUMENTS\JOB\MTA\2013-2014\SEMESTER_02\COMPILATION\COMPILATION_FOR_STUDENTS\STEP_01_LEXICAL_ANALYZER\FLEX\DEBUG\PARSE.OBJ
C:\USERS\OREN ISH SHALOM\DOCUMENTS\JOB\MTA\2013-2014\SEMESTER_02\COMPILATION\COMPILATION_FOR_STUDENTS\STEP_01_LEXICAL_ANALYZER\FLEX\DEBUG\SKEL.OBJ
C:\USERS\OREN ISH SHALOM\DOCUMENTS\JOB\MTA\2013-2014\SEMESTER_02\COMPILATION\COMPILATION_FOR_STUDENTS\STEP_01_LEXICAL_ANALYZER\FLEX\DEBUG\SYM.OBJ
C:\USERS\OREN ISH SHALOM\DOCUMENTS\JOB\MTA\2013-2014\SEMESTER_02\COMPILATION\COMPILATION_FOR_STUDENTS\STEP_01_LEXICAL_ANALYZER\FLEX\DEBUG\TBLCMP.OBJ
C:\USERS\OREN ISH SHALOM\DOCUMENTS\JOB\MTA\2013-2014\SEMESTER_02\COMPILATION\COMPILATION_FOR_STUDENTS\STEP_01_LEXICAL_ANALYZER\FLEX\DEBUG\VC100.PDB
C:\USERS\OREN ISH SHALOM\DOCUMENTS\JOB\MTA\2013-2014\SEMESTER_02\COMPILATION\COMPILATION_FOR_STUDENTS\STEP_01_LEXICAL_ANALYZER\FLEX\DEBUG\YYLEX.OBJ
C:\USERS\OREN ISH SHALOM\DOCUMENTS\JOB\MTA\2014-2015\SEMESTER_01\COMPILATION\COMPILATION_FOR_STUDENTS\STEP_01_LEXICAL_ANALYZER\FLEX\DEBUG\CCL.OBJ
C:\USERS\OREN ISH SHALOM\DOCUMENTS\JOB\MTA\2014-2015\SEMESTER_01\COMPILATION\COMPILATION_FOR_STUDENTS\STEP_01_LEXICAL_ANALYZER\FLEX\DEBUG\DFA.OBJ
C:\USERS\OREN ISH SHALOM\DOCUMENTS\JOB\MTA\2014-2015\SEMESTER_01\COMPILATION\COMPILATION_FOR_STUDENTS\STEP_01_LEXICAL_ANALYZER\FLEX\DEBUG\ECS.OBJ
C:\USERS\OREN ISH SHALOM\DOCUMENTS\JOB\MTA\2014-2015\SEMESTER_01\COMPILATION\COMPILATION_FOR_STUDENTS\STEP_01_LEXICAL_ANALYZER\FLEX\DEBUG\FLEX.EXE
C:\USERS\OREN ISH SHALOM\DOCUMENTS\JOB\MTA\2014-2015\SEMESTER_01\COMPILATION\COMPILATION_FOR_STUDENTS\STEP_01_LEXICAL_ANALYZER\FLEX\DEBUG\FLEX.EXE.EMBED.MANIFEST
C:\USERS\OREN ISH SHALOM\DOCUMENTS\JOB\MTA\2014-2015\SEMESTER_01\COMPILATION\COMPILATION_FOR_STUDENTS\STEP_01_LEXICAL_ANALYZER\FLEX\DEBUG\FLEX.EXE.EMBED.MANIFEST.RES
C:\USERS\OREN ISH SHALOM\DOCUMENTS\JOB\MTA\2014-2015\SEMESTER_01\COMPILATION\COMPILATION_FOR_STUDENTS\STEP_01_LEXICAL_ANALYZER\FLEX\DEBUG\FLEX.EXE.INTERMEDIATE.MANIFEST
C:\USERS\OREN ISH SHALOM\DOCUMENTS\JOB\MTA\2014-2015\SEMESTER_01\COMPILATION\COMPILATION_FOR_STUDENTS\STEP_01_LEXICAL_ANALYZER\FLEX\DEBUG\FLEX.ILK
C:\USERS\OREN ISH SHALOM\DOCUMENTS\JOB\MTA\2014-2015\SEMESTER_01\COMPILATION\COMPILATION_FOR_STUDENTS\STEP_01_LEXICAL_ANALYZER\FLEX\DEBUG\FLEX.PDB
C:\USERS\OREN ISH SHALOM\DOCUMENTS\JOB\MTA\2014-2015\SEMESTER_01\COMPILATION\COMPILATION_FOR_STUDENTS\STEP_01_LEXICAL_ANALYZER\FLEX\DEBUG\GEN.OBJ
C:\USERS\OREN ISH SHALOM\DOCUMENTS\JOB\MTA\2014-2015\SEMESTER_01\COMPILATION\COMPILATION_FOR_STUDENTS\STEP_01_LEXICAL_ANALYZER\FLEX\DEBUG\INITSCAN.OBJ
C:\USERS\OREN ISH SHALOM\DOCUMENTS\JOB\MTA\2014-2015\SEMESTER_01\COMPILATION\COMPILATION_FOR_STUDENTS\STEP_01_LEXICAL_ANALYZER\FLEX\DEBUG\MAIN.OBJ
C:\USERS\OREN ISH SHALOM\DOCUMENTS\JOB\MTA\2014-2015\SEMESTER_01\COMPILATION\COMPILATION_FOR_STUDENTS\STEP_01_LEXICAL_ANALYZER\FLEX\DEBUG\MISC.OBJ
C:\USERS\OREN ISH SHALOM\DOCUMENTS\JOB\MTA\2014-2015\SEMESTER_01\COMPILATION\COMPILATION_FOR_STUDENTS\STEP_01_LEXICAL_ANALYZER\FLEX\DEBUG\NFA.OBJ
C:\USERS\OREN ISH SHALOM\DOCUMENTS\JOB\MTA\2014-2015\SEMESTER_01\COMPILATION\COMPILATION_FOR_STUDENTS\STEP_01_LEXICAL_ANALYZER\FLEX\DEBUG\PARSE.OBJ
C:\USERS\OREN ISH SHALOM\DOCUMENTS\JOB\MTA\2014-2015\SEMESTER_01\COMPILATION\COMPILATION_FOR_STUDENTS\STEP_01_LEXICAL_ANALYZER\FLEX\DEBUG\SKEL.OBJ
C:\USERS\OREN ISH SHALOM\DOCUMENTS\JOB\MTA\2014-2015\SEMESTER_01\COMPILATION\COMPILATION_FOR_STUDENTS\STEP_01_LEXICAL_ANALYZER\FLEX\DEBUG\SYM.OBJ
C:\USERS\OREN ISH SHALOM\DOCUMENTS\JOB\MTA\2014-2015\SEMESTER_01\COMPILATION\COMPILATION_FOR_STUDENTS\STEP_01_LEXICAL_ANALYZER\FLEX\DEBUG\TBLCMP.OBJ
C:\USERS\OREN ISH SHALOM\DOCUMENTS\JOB\MTA\2014-2015\SEMESTER_01\COMPILATION\COMPILATION_FOR_STUDENTS\STEP_01_LEXICAL_ANALYZER\FLEX\DEBUG\VC100.PDB
C:\USERS\OREN ISH SHALOM\DOCUMENTS\JOB\MTA\2014-2015\SEMESTER_01\COMPILATION\COMPILATION_FOR_STUDENTS\STEP_01_LEXICAL_ANALYZER\FLEX\DEBUG\YYLEX.OBJ
C:\USERS\OREN ISH SHALOM\DROPBOX\MTA\COMPILATION\2015-2016\COMPILATION\COMPILATION_FOR_STUDENTS\COMPILER\STEP_01_LEXICAL_ANALYZER\FLEX\DEBUG\CCL.OBJ
C:\USERS\OREN ISH SHALOM\DROPBOX\MTA\COMPILATION\2015-2016\COMPILATION\COMPILATION_FOR_STUDENTS\COMPILER\STEP_01_LEXICAL_ANALYZER\FLEX\DEBUG\DFA.OBJ
C:\USERS\OREN ISH SHALOM\DROPBOX\MTA\COMPILATION\2015-2016\COMPILATION\COMPILATION_FOR_STUDENTS\COMPILER\STEP_01_LEXICAL_ANALYZER\FLEX\DEBUG\ECS.OBJ
C:\USERS\OREN ISH SHALOM\DROPBOX\MTA\COMPILATION\2015-2016\COMPILATION\COMPILATION_FOR_STUDENTS\COMPILER\STEP_01_LEXICAL_ANALYZER\FLEX\DEBUG\FLEX.EXE
C:\USERS\OREN ISH SHALOM\DROPBOX\MTA\COMPILATION\2015-2016\COMPILATION\COMPILATION_FOR_STUDENTS\COMPILER\STEP_01_LEXICAL_ANALYZER\FLEX\DEBUG\FLEX.EXE.INTERMEDIATE.MANIFEST
C:\USERS\OREN ISH SHALOM\DROPBOX\MTA\COMPILATION\2015-2016\COMPILATION\COMPILATION_FOR_STUDENTS\COMPILER\STEP_01_LEXICAL_ANALYZER\FLEX\DEBUG\FLEX.PDB
C:\USERS\OREN ISH SHALOM\DROPBOX\MTA\COMPILATION\2015-2016\COMPILATION\COMPILATION_FOR_STUDENTS\COMPILER\STEP_01_LEXICAL_ANALYZER\FLEX\DEBUG\GEN.OBJ
C:\USERS\OREN ISH SHALOM\DROPBOX\MTA\COMPILATION\2015-2016\COMPILATION\COMPILATION_FOR_STUDENTS\COMPILER\STEP_01_LEXICAL_ANALYZER\FLEX\DEBUG\INITSCAN.OBJ
C:\USERS\OREN ISH SHALOM\DROPBOX\MTA\COMPILATION\2015-2016\COMPILATION\COMPILATION_FOR_STUDENTS\COMPILER\STEP_01_LEXICAL_ANALYZER\FLEX\DEBUG\MAIN.OBJ
C:\USERS\OREN ISH SHALOM\DROPBOX\MTA\COMPILATION\2015-2016\COMPILATION\COMPILATION_FOR_STUDENTS\COMPILER\STEP_01_LEXICAL_ANALYZER\FLEX\DEBUG\MISC.OBJ
C:\USERS\OREN ISH SHALOM\DROPBOX\MTA\COMPILATION\2015-2016\COMPILATION\COMPILATION_FOR_STUDENTS\COMPILER\STEP_01_LEXICAL_ANALYZER\FLEX\DEBUG\NFA.OBJ
C:\USERS\OREN ISH SHALOM\DROPBOX\MTA\COMPILATION\2015-2016\COMPILATION\COMPILATION_FOR_STUDENTS\COMPILER\STEP_01_LEXICAL_ANALYZER\FLEX\DEBUG\PARSE.OBJ
C:\USERS\OREN ISH SHALOM\DROPBOX\MTA\COMPILATION\2015-2016\COMPILATION\COMPILATION_FOR_STUDENTS\COMPILER\STEP_01_LEXICAL_ANALYZER\FLEX\DEBUG\SKEL.OBJ
C:\USERS\OREN ISH SHALOM\DROPBOX\MTA\COMPILATION\2015-2016\COMPILATION\COMPILATION_FOR_STUDENTS\COMPILER\STEP_01_LEXICAL_ANALYZER\FLEX\DEBUG\SYM.OBJ
C:\USERS\OREN ISH SHALOM\DROPBOX\MTA\COMPILATION\2015-2016\COMPILATION\COMPILATION_FOR_STUDENTS\COMPILER\STEP_01_LEXICAL_ANALYZER\FLEX\DEBUG\TBLCMP.OBJ
C:\USERS\OREN ISH SHALOM\DROPBOX\MTA\COMPILATION\2015-2016\COMPILATION\COMPILATION_FOR_STUDENTS\COMPILER\STEP_01_LEXICAL_ANALYZER\FLEX\DEBUG\VC100.PDB
C:\USERS\OREN ISH SHALOM\DROPBOX\MTA\COMPILATION\2015-2016\COMPILATION\COMPILATION_FOR_STUDENTS\COMPILER\STEP_01_LEXICAL_ANALYZER\FLEX\DEBUG\YYLEX.OBJ
C:\USERS\OREN ISH SHALOM\DROPBOX\MTA\COMPILATION\2016-2017\COMPILATION\COMPILATION_FOR_STUDENTS\COMPILER\STEP_01_LEXICAL_ANALYZER\FLEX\DEBUG\CCL.OBJ
C:\USERS\OREN ISH SHALOM\DROPBOX\MTA\COMPILATION\2016-2017\COMPILATION\COMPILATION_FOR_STUDENTS\COMPILER\STEP_01_LEXICAL_ANALYZER\FLEX\DEBUG\DFA.OBJ
C:\USERS\OREN ISH SHALOM\DROPBOX\MTA\COMPILATION\2016-2017\COMPILATION\COMPILATION_FOR_STUDENTS\COMPILER\STEP_01_LEXICAL_ANALYZER\FLEX\DEBUG\ECS.OBJ
C:\USERS\OREN ISH SHALOM\DROPBOX\MTA\COMPILATION\2016-2017\COMPILATION\COMPILATION_FOR_STUDENTS\COMPILER\STEP_01_LEXICAL_ANALYZER\FLEX\DEBUG\FLEX.EXE
C:\USERS\OREN ISH SHALOM\DROPBOX\MTA\COMPILATION\2016-2017\COMPILATION\COMPILATION_FOR_STUDENTS\COMPILER\STEP_01_LEXICAL_ANALYZER\FLEX\DEBUG\FLEX.EXE.INTERMEDIATE.MANIFEST
C:\USERS\OREN ISH SHALOM\DROPBOX\MTA\COMPILATION\2016-2017\COMPILATION\COMPILATION_FOR_STUDENTS\COMPILER\STEP_01_LEXICAL_ANALYZER\FLEX\DEBUG\FLEX.PDB
C:\USERS\OREN ISH SHALOM\DROPBOX\MTA\COMPILATION\2016-2017\COMPILATION\COMPILATION_FOR_STUDENTS\COMPILER\STEP_01_LEXICAL_ANALYZER\FLEX\DEBUG\GEN.OBJ
C:\USERS\OREN ISH SHALOM\DROPBOX\MTA\COMPILATION\2016-2017\COMPILATION\COMPILATION_FOR_STUDENTS\COMPILER\STEP_01_LEXICAL_ANALYZER\FLEX\DEBUG\INITSCAN.OBJ
C:\USERS\OREN ISH SHALOM\DROPBOX\MTA\COMPILATION\2016-2017\COMPILATION\COMPILATION_FOR_STUDENTS\COMPILER\STEP_01_LEXICAL_ANALYZER\FLEX\DEBUG\MAIN.OBJ
C:\USERS\OREN ISH SHALOM\DROPBOX\MTA\COMPILATION\2016-2017\COMPILATION\COMPILATION_FOR_STUDENTS\COMPILER\STEP_01_LEXICAL_ANALYZER\FLEX\DEBUG\MISC.OBJ
C:\USERS\OREN ISH SHALOM\DROPBOX\MTA\COMPILATION\2016-2017\COMPILATION\COMPILATION_FOR_STUDENTS\COMPILER\STEP_01_LEXICAL_ANALYZER\FLEX\DEBUG\NFA.OBJ
C:\USERS\OREN ISH SHALOM\DROPBOX\MTA\COMPILATION\2016-2017\COMPILATION\COMPILATION_FOR_STUDENTS\COMPILER\STEP_01_LEXICAL_ANALYZER\FLEX\DEBUG\PARSE.OBJ
C:\USERS\OREN ISH SHALOM\DROPBOX\MTA\COMPILATION\2016-2017\COMPILATION\COMPILATION_FOR_STUDENTS\COMPILER\STEP_01_LEXICAL_ANALYZER\FLEX\DEBUG\SKEL.OBJ
C:\USERS\OREN ISH SHALOM\DROPBOX\MTA\COMPILATION\2016-2017\COMPILATION\COMPILATION_FOR_STUDENTS\COMPILER\STEP_01_LEXICAL_ANALYZER\FLEX\DEBUG\SYM.OBJ
C:\USERS\OREN ISH SHALOM\DROPBOX\MTA\COMPILATION\2016-2017\COMPILATION\COMPILATION_FOR_STUDENTS\COMPILER\STEP_01_LEXICAL_ANALYZER\FLEX\DEBUG\TBLCMP.OBJ
C:\USERS\OREN ISH SHALOM\DROPBOX\MTA\COMPILATION\2016-2017\COMPILATION\COMPILATION_FOR_STUDENTS\COMPILER\STEP_01_LEXICAL_ANALYZER\FLEX\DEBUG\VC100.PDB
C:\USERS\OREN ISH SHALOM\DROPBOX\MTA\COMPILATION\2016-2017\COMPILATION\COMPILATION_FOR_STUDENTS\COMPILER\STEP_01_LEXICAL_ANALYZER\FLEX\DEBUG\YYLEX.OBJ
C:\USERS\OREN ISH SHALOM\DROPBOX\MTA\COMPILATION\2016-2017\COMPILATION\COMPILATION_FOR_STUDENTS\COMPILER\STEP_04_BOTTOM_UP_PARSER_BISON\FLEX\DEBUG\CCL.OBJ
C:\Users\Oren Ish Shalom\Dropbox\MTA\COMPILATION\2016-2017\Compilation\Compilation_For_Students\Compiler\Step_04_Bottom_Up_Parser_Bison\Flex\Debug\cl.command.1.tlog
C:\Users\Oren Ish Shalom\Dropbox\MTA\COMPILATION\2016-2017\Compilation\Compilation_For_Students\Compiler\Step_04_Bottom_Up_Parser_Bison\Flex\Debug\CL.read.1.tlog
C:\Users\Oren Ish Shalom\Dropbox\MTA\COMPILATION\2016-2017\Compilation\Compilation_For_Students\Compiler\Step_04_Bottom_Up_Parser_Bison\Flex\Debug\CL.write.1.tlog
C:\USERS\OREN ISH SHALOM\DROPBOX\MTA\COMPILATION\2016-2017\COMPILATION\COMPILATION_FOR_STUDENTS\COMPILER\STEP_04_BOTTOM_UP_PARSER_BISON\FLEX\DEBUG\DFA.OBJ
C:\USERS\OREN ISH SHALOM\DROPBOX\MTA\COMPILATION\2016-2017\COMPILATION\COMPILATION_FOR_STUDENTS\COMPILER\STEP_04_BOTTOM_UP_PARSER_BISON\FLEX\DEBUG\ECS.OBJ
C:\USERS\OREN ISH SHALOM\DROPBOX\MTA\COMPILATION\2016-2017\COMPILATION\COMPILATION_FOR_STUDENTS\COMPILER\STEP_04_BOTTOM_UP_PARSER_BISON\FLEX\DEBUG\FLEX.EXE
C:\Users\Oren Ish Shalom\Dropbox\MTA\COMPILATION\2016-2017\Compilation\Compilation_For_Students\Compiler\Step_04_Bottom_Up_Parser_Bison\Flex\Debug\Flex.exe.embed.manifest
C:\USERS\OREN ISH SHALOM\DROPBOX\MTA\COMPILATION\2016-2017\COMPILATION\COMPILATION_FOR_STUDENTS\COMPILER\STEP_04_BOTTOM_UP_PARSER_BISON\FLEX\DEBUG\FLEX.EXE.INTERMEDIATE.MANIFEST
C:\USERS\OREN ISH SHALOM\DROPBOX\MTA\COMPILATION\2016-2017\COMPILATION\COMPILATION_FOR_STUDENTS\COMPILER\STEP_04_BOTTOM_UP_PARSER_BISON\FLEX\DEBUG\FLEX.PDB
C:\Users\Oren Ish Shalom\Dropbox\MTA\COMPILATION\2016-2017\Compilation\Compilation_For_Students\Compiler\Step_04_Bottom_Up_Parser_Bison\Flex\Debug\Flex.vcxprojResolveAssemblyReference.cache
C:\Users\Oren Ish Shalom\Dropbox\MTA\COMPILATION\2016-2017\Compilation\Compilation_For_Students\Compiler\Step_04_Bottom_Up_Parser_Bison\Flex\Debug\Flex.write.1.tlog
C:\Users\Oren Ish Shalom\Dropbox\MTA\COMPILATION\2016-2017\Compilation\Compilation_For_Students\Compiler\Step_04_Bottom_Up_Parser_Bison\Flex\Debug\Flex_manifest.rc
C:\USERS\OREN ISH SHALOM\DROPBOX\MTA\COMPILATION\2016-2017\COMPILATION\COMPILATION_FOR_STUDENTS\COMPILER\STEP_04_BOTTOM_UP_PARSER_BISON\FLEX\DEBUG\GEN.OBJ
C:\USERS\OREN ISH SHALOM\DROPBOX\MTA\COMPILATION\2016-2017\COMPILATION\COMPILATION_FOR_STUDENTS\COMPILER\STEP_04_BOTTOM_UP_PARSER_BISON\FLEX\DEBUG\INITSCAN.OBJ
C:\Users\Oren Ish Shalom\Dropbox\MTA\COMPILATION\2016-2017\Compilation\Compilation_For_Students\Compiler\Step_04_Bottom_Up_Parser_Bison\Flex\Debug\link.22704.read.1.tlog
C:\Users\Oren Ish Shalom\Dropbox\MTA\COMPILATION\2016-2017\Compilation\Compilation_For_Students\Compiler\Step_04_Bottom_Up_Parser_Bison\Flex\Debug\link.22704.write.1.tlog
C:\Users\Oren Ish Shalom\Dropbox\MTA\COMPILATION\2016-2017\Compilation\Compilation_For_Students\Compiler\Step_04_Bottom_Up_Parser_Bison\Flex\Debug\link.22704-cvtres.read.1.tlog
C:\Users\Oren Ish Shalom\Dropbox\MTA\COMPILATION\2016-2017\Compilation\Compilation_For_Students\Compiler\Step_04_Bottom_Up_Parser_Bison\Flex\Debug\link.22704-cvtres.write.1.tlog
C:\Users\Oren Ish Shalom\Dropbox\MTA\COMPILATION\2016-2017\Compilation\Compilation_For_Students\Compiler\Step_04_Bottom_Up_Parser_Bison\Flex\Debug\link.command.1.tlog
C:\Users\Oren Ish Shalom\Dropbox\MTA\COMPILATION\2016-2017\Compilation\Compilation_For_Students\Compiler\Step_04_Bottom_Up_Parser_Bison\Flex\Debug\link.read.1.tlog
C:\Users\Oren Ish Shalom\Dropbox\MTA\COMPILATION\2016-2017\Compilation\Compilation_For_Students\Compiler\Step_04_Bottom_Up_Parser_Bison\Flex\Debug\link.write.1.tlog
C:\Users\Oren Ish Shalom\Dropbox\MTA\COMPILATION\2016-2017\Compilation\Compilation_For_Students\Compiler\Step_04_Bottom_Up_Parser_Bison\Flex\Debug\link-cvtres.read.1.tlog
C:\Users\Oren Ish Shalom\Dropbox\MTA\COMPILATION\2016-2017\Compilation\Compilation_For_Students\Compiler\Step_04_Bottom_Up_Parser_Bison\Flex\Debug\link-cvtres.write.1.tlog
C:\USERS\OREN ISH SHALOM\DROPBOX\MTA\COMPILATION\2016-2017\COMPILATION\COMPILATION_FOR_STUDENTS\COMPILER\STEP_04_BOTTOM_UP_PARSER_BISON\FLEX\DEBUG\MAIN.OBJ
C:\USERS\OREN ISH SHALOM\DROPBOX\MTA\COMPILATION\2016-2017\COMPILATION\COMPILATION_FOR_STUDENTS\COMPILER\STEP_04_BOTTOM_UP_PARSER_BISON\FLEX\DEBUG\MISC.OBJ
C:\Users\Oren Ish Shalom\Dropbox\MTA\COMPILATION\2016-2017\Compilation\Compilation_For_Students\Compiler\Step_04_Bottom_Up_Parser_Bison\Flex\Debug\mt.command.1.tlog
C:\Users\Oren Ish Shalom\Dropbox\MTA\COMPILATION\2016-2017\Compilation\Compilation_For_Students\Compiler\Step_04_Bottom_Up_Parser_Bison\Flex\Debug\mt.read.1.tlog
C:\Users\Oren Ish Shalom\Dropbox\MTA\COMPILATION\2016-2017\Compilation\Compilation_For_Students\Compiler\Step_04_Bottom_Up_Parser_Bison\Flex\Debug\mt.write.1.tlog
C:\USERS\OREN ISH SHALOM\DROPBOX\MTA\COMPILATION\2016-2017\COMPILATION\COMPILATION_FOR_STUDENTS\COMPILER\STEP_04_BOTTOM_UP_PARSER_BISON\FLEX\DEBUG\NFA.OBJ
C:\USERS\OREN ISH SHALOM\DROPBOX\MTA\COMPILATION\2016-2017\COMPILATION\COMPILATION_FOR_STUDENTS\COMPILER\STEP_04_BOTTOM_UP_PARSER_BISON\FLEX\DEBUG\PARSE.OBJ
C:\Users\Oren Ish Shalom\Dropbox\MTA\COMPILATION\2016-2017\Compilation\Compilation_For_Students\Compiler\Step_04_Bottom_Up_Parser_Bison\Flex\Debug\rc.command.1.tlog
C:\Users\Oren Ish Shalom\Dropbox\MTA\COMPILATION\2016-2017\Compilation\Compilation_For_Students\Compiler\Step_04_Bottom_Up_Parser_Bison\Flex\Debug\rc.read.1.tlog
C:\Users\Oren Ish Shalom\Dropbox\MTA\COMPILATION\2016-2017\Compilation\Compilation_For_Students\Compiler\Step_04_Bottom_Up_Parser_Bison\Flex\Debug\rc.write.1.tlog
C:\USERS\OREN ISH SHALOM\DROPBOX\MTA\COMPILATION\2016-2017\COMPILATION\COMPILATION_FOR_STUDENTS\COMPILER\STEP_04_BOTTOM_UP_PARSER_BISON\FLEX\DEBUG\SKEL.OBJ
C:\USERS\OREN ISH SHALOM\DROPBOX\MTA\COMPILATION\2016-2017\COMPILATION\COMPILATION_FOR_STUDENTS\COMPILER\STEP_04_BOTTOM_UP_PARSER_BISON\FLEX\DEBUG\SYM.OBJ
C:\USERS\OREN ISH SHALOM\DROPBOX\MTA\COMPILATION\2016-2017\COMPILATION\COMPILATION_FOR_STUDENTS\COMPILER\STEP_04_BOTTOM_UP_PARSER_BISON\FLEX\DEBUG\TBLCMP.OBJ
C:\Users\Oren Ish Shalom\Dropbox\MTA\COMPILATION\2016-2017\Compilation\Compilation_For_Students\Compiler\Step_04_Bottom_Up_Parser_Bison\Flex\Debug\vc100.idb
C:\USERS\OREN ISH SHALOM\DROPBOX\MTA\COMPILATION\2016-2017\COMPILATION\COMPILATION_FOR_STUDENTS\COMPILER\STEP_04_BOTTOM_UP_PARSER_BISON\FLEX\DEBUG\VC100.PDB
C:\USERS\OREN ISH SHALOM\DROPBOX\MTA\COMPILATION\2016-2017\COMPILATION\COMPILATION_FOR_STUDENTS\COMPILER\STEP_04_BOTTOM_UP_PARSER_BISON\FLEX\DEBUG\YYLEX.OBJ
C:\USERS\USER\DROPBOX\MTA\COMPILATION\2015-2016\COMPILATION\COMPILATION_FOR_STUDENTS\COMPILER\STEP_01_LEXICAL_ANALYZER\FLEX\DEBUG\CCL.OBJ
C:\USERS\USER\DROPBOX\MTA\COMPILATION\2015-2016\COMPILATION\COMPILATION_FOR_STUDENTS\COMPILER\STEP_01_LEXICAL_ANALYZER\FLEX\DEBUG\DFA.OBJ
C:\USERS\USER\DROPBOX\MTA\COMPILATION\2015-2016\COMPILATION\COMPILATION_FOR_STUDENTS\COMPILER\STEP_01_LEXICAL_ANALYZER\FLEX\DEBUG\ECS.OBJ
C:\USERS\USER\DROPBOX\MTA\COMPILATION\2015-2016\COMPILATION\COMPILATION_FOR_STUDENTS\COMPILER\STEP_01_LEXICAL_ANALYZER\FLEX\DEBUG\FLEX.EXE
C:\USERS\USER\DROPBOX\MTA\COMPILATION\2015-2016\COMPILATION\COMPILATION_FOR_STUDENTS\COMPILER\STEP_01_LEXICAL_ANALYZER\FLEX\DEBUG\FLEX.EXE.EMBED.MANIFEST.RES
C:\USERS\USER\DROPBOX\MTA\COMPILATION\2015-2016\COMPILATION\COMPILATION_FOR_STUDENTS\COMPILER\STEP_01_LEXICAL_ANALYZER\FLEX\DEBUG\FLEX.EXE.INTERMEDIATE.MANIFEST
C:\USERS\USER\DROPBOX\MTA\COMPILATION\2015-2016\COMPILATION\COMPILATION_FOR_STUDENTS\COMPILER\STEP_01_LEXICAL_ANALYZER\FLEX\DEBUG\FLEX.PDB
C:\USERS\USER\DROPBOX\MTA\COMPILATION\2015-2016\COMPILATION\COMPILATION_FOR_STUDENTS\COMPILER\STEP_01_LEXICAL_ANALYZER\FLEX\DEBUG\GEN.OBJ
C:\USERS\USER\DROPBOX\MTA\COMPILATION\2015-2016\COMPILATION\COMPILATION_FOR_STUDENTS\COMPILER\STEP_01_LEXICAL_ANALYZER\FLEX\DEBUG\INITSCAN.OBJ
C:\USERS\USER\DROPBOX\MTA\COMPILATION\2015-2016\COMPILATION\COMPILATION_FOR_STUDENTS\COMPILER\STEP_01_LEXICAL_ANALYZER\FLEX\DEBUG\MAIN.OBJ
C:\USERS\USER\DROPBOX\MTA\COMPILATION\2015-2016\COMPILATION\COMPILATION_FOR_STUDENTS\COMPILER\STEP_01_LEXICAL_ANALYZER\FLEX\DEBUG\MISC.OBJ
C:\USERS\USER\DROPBOX\MTA\COMPILATION\2015-2016\COMPILATION\COMPILATION_FOR_STUDENTS\COMPILER\STEP_01_LEXICAL_ANALYZER\FLEX\DEBUG\NFA.OBJ
C:\USERS\USER\DROPBOX\MTA\COMPILATION\2015-2016\COMPILATION\COMPILATION_FOR_STUDENTS\COMPILER\STEP_01_LEXICAL_ANALYZER\FLEX\DEBUG\PARSE.OBJ
C:\USERS\USER\DROPBOX\MTA\COMPILATION\2015-2016\COMPILATION\COMPILATION_FOR_STUDENTS\COMPILER\STEP_01_LEXICAL_ANALYZER\FLEX\DEBUG\SKEL.OBJ
C:\USERS\USER\DROPBOX\MTA\COMPILATION\2015-2016\COMPILATION\COMPILATION_FOR_STUDENTS\COMPILER\STEP_01_LEXICAL_ANALYZER\FLEX\DEBUG\SYM.OBJ
C:\USERS\USER\DROPBOX\MTA\COMPILATION\2015-2016\COMPILATION\COMPILATION_FOR_STUDENTS\COMPILER\STEP_01_LEXICAL_ANALYZER\FLEX\DEBUG\TBLCMP.OBJ
C:\USERS\USER\DROPBOX\MTA\COMPILATION\2015-2016\COMPILATION\COMPILATION_FOR_STUDENTS\COMPILER\STEP_01_LEXICAL_ANALYZER\FLEX\DEBUG\VC100.PDB
C:\USERS\USER\DROPBOX\MTA\COMPILATION\2015-2016\COMPILATION\COMPILATION_FOR_STUDENTS\COMPILER\STEP_01_LEXICAL_ANALYZER\FLEX\DEBUG\YYLEX.OBJ
