C:\DEVELOP\PROJECTS\COMPAILERS\STEP_04_BOTTOM_UP_PARSER_BISON\STEP_04_BOTTOM_UP_PARSER_BISON\STEP_04_BOTTOM_UP_PARSER_BISON\BISON\RELEASE\PARSER.EXE
C:\DEVELOP\PROJECTS\COMPAILERS\STEP_04_BOTTOM_UP_PARSER_BISON\STEP_04_BOTTOM_UP_PARSER_BISON\STEP_04_BOTTOM_UP_PARSER_BISON\BISON\RELEASE\PARSER.PDB
C:\DEVELOP\PROJECTS\COMPAILERS\STEP_04_BOTTOM_UP_PARSER_BISON\STEP_04_BOTTOM_UP_PARSER_BISON\STEP_04_BOTTOM_UP_PARSER_BISON\PARSER\RELEASE\AST.OBJ
C:\Develop\Projects\Compailers\Step_04_Bottom_Up_Parser_Bison\Step_04_Bottom_Up_Parser_Bison\Step_04_Bottom_Up_Parser_Bison\Parser\Release\cl.command.1.tlog
C:\Develop\Projects\Compailers\Step_04_Bottom_Up_Parser_Bison\Step_04_Bottom_Up_Parser_Bison\Step_04_Bottom_Up_Parser_Bison\Parser\Release\CL.read.1.tlog
C:\Develop\Projects\Compailers\Step_04_Bottom_Up_Parser_Bison\Step_04_Bottom_Up_Parser_Bison\Step_04_Bottom_Up_Parser_Bison\Parser\Release\CL.write.1.tlog
C:\DEVELOP\PROJECTS\COMPAILERS\STEP_04_BOTTOM_UP_PARSER_BISON\STEP_04_BOTTOM_UP_PARSER_BISON\STEP_04_BOTTOM_UP_PARSER_BISON\PARSER\RELEASE\DRIVER.OBJ
C:\DEVELOP\PROJECTS\COMPAILERS\STEP_04_BOTTOM_UP_PARSER_BISON\STEP_04_BOTTOM_UP_PARSER_BISON\STEP_04_BOTTOM_UP_PARSER_BISON\PARSER\RELEASE\ERRORMSG.OBJ
C:\DEVELOP\PROJECTS\COMPAILERS\STEP_04_BOTTOM_UP_PARSER_BISON\STEP_04_BOTTOM_UP_PARSER_BISON\STEP_04_BOTTOM_UP_PARSER_BISON\PARSER\RELEASE\LEX.YY.OBJ
C:\DEVELOP\PROJECTS\COMPAILERS\STEP_04_BOTTOM_UP_PARSER_BISON\STEP_04_BOTTOM_UP_PARSER_BISON\STEP_04_BOTTOM_UP_PARSER_BISON\PARSER\RELEASE\LINEARALGEBRA1MASTER.OBJ
C:\Develop\Projects\Compailers\Step_04_Bottom_Up_Parser_Bison\Step_04_Bottom_Up_Parser_Bison\Step_04_Bottom_Up_Parser_Bison\Parser\Release\link.command.1.tlog
C:\Develop\Projects\Compailers\Step_04_Bottom_Up_Parser_Bison\Step_04_Bottom_Up_Parser_Bison\Step_04_Bottom_Up_Parser_Bison\Parser\Release\link.read.1.tlog
C:\Develop\Projects\Compailers\Step_04_Bottom_Up_Parser_Bison\Step_04_Bottom_Up_Parser_Bison\Step_04_Bottom_Up_Parser_Bison\Parser\Release\link.write.1.tlog
C:\Develop\Projects\Compailers\Step_04_Bottom_Up_Parser_Bison\Step_04_Bottom_Up_Parser_Bison\Step_04_Bottom_Up_Parser_Bison\Parser\Release\mt.command.1.tlog
C:\Develop\Projects\Compailers\Step_04_Bottom_Up_Parser_Bison\Step_04_Bottom_Up_Parser_Bison\Step_04_Bottom_Up_Parser_Bison\Parser\Release\mt.read.1.tlog
C:\Develop\Projects\Compailers\Step_04_Bottom_Up_Parser_Bison\Step_04_Bottom_Up_Parser_Bison\Step_04_Bottom_Up_Parser_Bison\Parser\Release\mt.write.1.tlog
C:\DEVELOP\PROJECTS\COMPAILERS\STEP_04_BOTTOM_UP_PARSER_BISON\STEP_04_BOTTOM_UP_PARSER_BISON\STEP_04_BOTTOM_UP_PARSER_BISON\PARSER\RELEASE\PARSER.EXE.INTERMEDIATE.MANIFEST
C:\DEVELOP\PROJECTS\COMPAILERS\STEP_04_BOTTOM_UP_PARSER_BISON\STEP_04_BOTTOM_UP_PARSER_BISON\STEP_04_BOTTOM_UP_PARSER_BISON\PARSER\RELEASE\TIGER.TAB.OBJ
C:\DEVELOP\PROJECTS\COMPAILERS\STEP_04_BOTTOM_UP_PARSER_BISON\STEP_04_BOTTOM_UP_PARSER_BISON\STEP_04_BOTTOM_UP_PARSER_BISON\PARSER\RELEASE\UTIL.OBJ
C:\DEVELOP\PROJECTS\COMPAILERS\STEP_04_BOTTOM_UP_PARSER_BISON\STEP_04_BOTTOM_UP_PARSER_BISON\STEP_04_BOTTOM_UP_PARSER_BISON\PARSER\RELEASE\VC100.PDB
