C:\USERS\OREN ISH SHALOM\DOCUMENTS\JOB\MTA\2012-2013\2013_FEBRUARY_26\COMPILATION\STEP_05_BOTTOM_UP_PARSER_BISON\BISON\DEBUG\ALLOCA.OBJ
C:\USERS\OREN ISH SHALOM\DOCUMENTS\JOB\MTA\2012-2013\2013_FEBRUARY_26\COMPILATION\STEP_05_BOTTOM_UP_PARSER_BISON\BISON\DEBUG\ALLOCATE.OBJ
C:\USERS\OREN ISH SHALOM\DOCUMENTS\JOB\MTA\2012-2013\2013_FEBRUARY_26\COMPILATION\STEP_05_BOTTOM_UP_PARSER_BISON\BISON\DEBUG\BISON.EXE
C:\USERS\OREN ISH SHALOM\DOCUMENTS\JOB\MTA\2012-2013\2013_FEBRUARY_26\COMPILATION\STEP_05_BOTTOM_UP_PARSER_BISON\BISON\DEBUG\BISON.EXE.EMBED.MANIFEST
C:\USERS\OREN ISH SHALOM\DOCUMENTS\JOB\MTA\2012-2013\2013_FEBRUARY_26\COMPILATION\STEP_05_BOTTOM_UP_PARSER_BISON\BISON\DEBUG\BISON.EXE.EMBED.MANIFEST.RES
C:\USERS\OREN ISH SHALOM\DOCUMENTS\JOB\MTA\2012-2013\2013_FEBRUARY_26\COMPILATION\STEP_05_BOTTOM_UP_PARSER_BISON\BISON\DEBUG\BISON.EXE.INTERMEDIATE.MANIFEST
C:\USERS\OREN ISH SHALOM\DOCUMENTS\JOB\MTA\2012-2013\2013_FEBRUARY_26\COMPILATION\STEP_05_BOTTOM_UP_PARSER_BISON\BISON\DEBUG\BISON.ILK
C:\USERS\OREN ISH SHALOM\DOCUMENTS\JOB\MTA\2012-2013\2013_FEBRUARY_26\COMPILATION\STEP_05_BOTTOM_UP_PARSER_BISON\BISON\DEBUG\BISON.PDB
C:\USERS\OREN ISH SHALOM\DOCUMENTS\JOB\MTA\2012-2013\2013_FEBRUARY_26\COMPILATION\STEP_05_BOTTOM_UP_PARSER_BISON\BISON\DEBUG\CLOSURE.OBJ
C:\USERS\OREN ISH SHALOM\DOCUMENTS\JOB\MTA\2012-2013\2013_FEBRUARY_26\COMPILATION\STEP_05_BOTTOM_UP_PARSER_BISON\BISON\DEBUG\CONFLICTS.OBJ
C:\USERS\OREN ISH SHALOM\DOCUMENTS\JOB\MTA\2012-2013\2013_FEBRUARY_26\COMPILATION\STEP_05_BOTTOM_UP_PARSER_BISON\BISON\DEBUG\DERIVES.OBJ
C:\USERS\OREN ISH SHALOM\DOCUMENTS\JOB\MTA\2012-2013\2013_FEBRUARY_26\COMPILATION\STEP_05_BOTTOM_UP_PARSER_BISON\BISON\DEBUG\FILES.OBJ
C:\USERS\OREN ISH SHALOM\DOCUMENTS\JOB\MTA\2012-2013\2013_FEBRUARY_26\COMPILATION\STEP_05_BOTTOM_UP_PARSER_BISON\BISON\DEBUG\GETARGS.OBJ
C:\USERS\OREN ISH SHALOM\DOCUMENTS\JOB\MTA\2012-2013\2013_FEBRUARY_26\COMPILATION\STEP_05_BOTTOM_UP_PARSER_BISON\BISON\DEBUG\GETOPT.OBJ
C:\USERS\OREN ISH SHALOM\DOCUMENTS\JOB\MTA\2012-2013\2013_FEBRUARY_26\COMPILATION\STEP_05_BOTTOM_UP_PARSER_BISON\BISON\DEBUG\GETOPT1.OBJ
C:\USERS\OREN ISH SHALOM\DOCUMENTS\JOB\MTA\2012-2013\2013_FEBRUARY_26\COMPILATION\STEP_05_BOTTOM_UP_PARSER_BISON\BISON\DEBUG\GRAM.OBJ
C:\USERS\OREN ISH SHALOM\DOCUMENTS\JOB\MTA\2012-2013\2013_FEBRUARY_26\COMPILATION\STEP_05_BOTTOM_UP_PARSER_BISON\BISON\DEBUG\LALR.OBJ
C:\USERS\OREN ISH SHALOM\DOCUMENTS\JOB\MTA\2012-2013\2013_FEBRUARY_26\COMPILATION\STEP_05_BOTTOM_UP_PARSER_BISON\BISON\DEBUG\LEX.OBJ
C:\USERS\OREN ISH SHALOM\DOCUMENTS\JOB\MTA\2012-2013\2013_FEBRUARY_26\COMPILATION\STEP_05_BOTTOM_UP_PARSER_BISON\BISON\DEBUG\LR0.OBJ
C:\USERS\OREN ISH SHALOM\DOCUMENTS\JOB\MTA\2012-2013\2013_FEBRUARY_26\COMPILATION\STEP_05_BOTTOM_UP_PARSER_BISON\BISON\DEBUG\MAIN.OBJ
C:\USERS\OREN ISH SHALOM\DOCUMENTS\JOB\MTA\2012-2013\2013_FEBRUARY_26\COMPILATION\STEP_05_BOTTOM_UP_PARSER_BISON\BISON\DEBUG\NULLABLE.OBJ
C:\USERS\OREN ISH SHALOM\DOCUMENTS\JOB\MTA\2012-2013\2013_FEBRUARY_26\COMPILATION\STEP_05_BOTTOM_UP_PARSER_BISON\BISON\DEBUG\OUTPUT.OBJ
C:\USERS\OREN ISH SHALOM\DOCUMENTS\JOB\MTA\2012-2013\2013_FEBRUARY_26\COMPILATION\STEP_05_BOTTOM_UP_PARSER_BISON\BISON\DEBUG\PRINT.OBJ
C:\USERS\OREN ISH SHALOM\DOCUMENTS\JOB\MTA\2012-2013\2013_FEBRUARY_26\COMPILATION\STEP_05_BOTTOM_UP_PARSER_BISON\BISON\DEBUG\READER.OBJ
C:\USERS\OREN ISH SHALOM\DOCUMENTS\JOB\MTA\2012-2013\2013_FEBRUARY_26\COMPILATION\STEP_05_BOTTOM_UP_PARSER_BISON\BISON\DEBUG\REDUCE.OBJ
C:\USERS\OREN ISH SHALOM\DOCUMENTS\JOB\MTA\2012-2013\2013_FEBRUARY_26\COMPILATION\STEP_05_BOTTOM_UP_PARSER_BISON\BISON\DEBUG\SYMTAB.OBJ
C:\USERS\OREN ISH SHALOM\DOCUMENTS\JOB\MTA\2012-2013\2013_FEBRUARY_26\COMPILATION\STEP_05_BOTTOM_UP_PARSER_BISON\BISON\DEBUG\VC100.PDB
C:\USERS\OREN ISH SHALOM\DOCUMENTS\JOB\MTA\2012-2013\2013_FEBRUARY_26\COMPILATION\STEP_05_BOTTOM_UP_PARSER_BISON\BISON\DEBUG\VERSION.OBJ
C:\USERS\OREN ISH SHALOM\DOCUMENTS\JOB\MTA\2012-2013\2013_FEBRUARY_26\COMPILATION\STEP_05_BOTTOM_UP_PARSER_BISON\BISON\DEBUG\WARSHALL.OBJ
C:\USERS\OREN ISH SHALOM\DOCUMENTS\JOB\MTA\2013-2014\SEMESTER_02\COMPILATION\COMPILATION_FOR_LECTURER\STEP_05_BOTTOM_UP_PARSER_BISON\BISON\DEBUG\ALLOCA.OBJ
C:\USERS\OREN ISH SHALOM\DOCUMENTS\JOB\MTA\2013-2014\SEMESTER_02\COMPILATION\COMPILATION_FOR_LECTURER\STEP_05_BOTTOM_UP_PARSER_BISON\BISON\DEBUG\ALLOCATE.OBJ
C:\USERS\OREN ISH SHALOM\DOCUMENTS\JOB\MTA\2013-2014\SEMESTER_02\COMPILATION\COMPILATION_FOR_LECTURER\STEP_05_BOTTOM_UP_PARSER_BISON\BISON\DEBUG\BISON.EXE
C:\USERS\OREN ISH SHALOM\DOCUMENTS\JOB\MTA\2013-2014\SEMESTER_02\COMPILATION\COMPILATION_FOR_LECTURER\STEP_05_BOTTOM_UP_PARSER_BISON\BISON\DEBUG\BISON.EXE.EMBED.MANIFEST.RES
C:\USERS\OREN ISH SHALOM\DOCUMENTS\JOB\MTA\2013-2014\SEMESTER_02\COMPILATION\COMPILATION_FOR_LECTURER\STEP_05_BOTTOM_UP_PARSER_BISON\BISON\DEBUG\BISON.EXE.INTERMEDIATE.MANIFEST
C:\USERS\OREN ISH SHALOM\DOCUMENTS\JOB\MTA\2013-2014\SEMESTER_02\COMPILATION\COMPILATION_FOR_LECTURER\STEP_05_BOTTOM_UP_PARSER_BISON\BISON\DEBUG\BISON.PDB
C:\USERS\OREN ISH SHALOM\DOCUMENTS\JOB\MTA\2013-2014\SEMESTER_02\COMPILATION\COMPILATION_FOR_LECTURER\STEP_05_BOTTOM_UP_PARSER_BISON\BISON\DEBUG\CLOSURE.OBJ
C:\USERS\OREN ISH SHALOM\DOCUMENTS\JOB\MTA\2013-2014\SEMESTER_02\COMPILATION\COMPILATION_FOR_LECTURER\STEP_05_BOTTOM_UP_PARSER_BISON\BISON\DEBUG\CONFLICTS.OBJ
C:\USERS\OREN ISH SHALOM\DOCUMENTS\JOB\MTA\2013-2014\SEMESTER_02\COMPILATION\COMPILATION_FOR_LECTURER\STEP_05_BOTTOM_UP_PARSER_BISON\BISON\DEBUG\DERIVES.OBJ
C:\USERS\OREN ISH SHALOM\DOCUMENTS\JOB\MTA\2013-2014\SEMESTER_02\COMPILATION\COMPILATION_FOR_LECTURER\STEP_05_BOTTOM_UP_PARSER_BISON\BISON\DEBUG\FILES.OBJ
C:\USERS\OREN ISH SHALOM\DOCUMENTS\JOB\MTA\2013-2014\SEMESTER_02\COMPILATION\COMPILATION_FOR_LECTURER\STEP_05_BOTTOM_UP_PARSER_BISON\BISON\DEBUG\GETARGS.OBJ
C:\USERS\OREN ISH SHALOM\DOCUMENTS\JOB\MTA\2013-2014\SEMESTER_02\COMPILATION\COMPILATION_FOR_LECTURER\STEP_05_BOTTOM_UP_PARSER_BISON\BISON\DEBUG\GETOPT.OBJ
C:\USERS\OREN ISH SHALOM\DOCUMENTS\JOB\MTA\2013-2014\SEMESTER_02\COMPILATION\COMPILATION_FOR_LECTURER\STEP_05_BOTTOM_UP_PARSER_BISON\BISON\DEBUG\GETOPT1.OBJ
C:\USERS\OREN ISH SHALOM\DOCUMENTS\JOB\MTA\2013-2014\SEMESTER_02\COMPILATION\COMPILATION_FOR_LECTURER\STEP_05_BOTTOM_UP_PARSER_BISON\BISON\DEBUG\GRAM.OBJ
C:\USERS\OREN ISH SHALOM\DOCUMENTS\JOB\MTA\2013-2014\SEMESTER_02\COMPILATION\COMPILATION_FOR_LECTURER\STEP_05_BOTTOM_UP_PARSER_BISON\BISON\DEBUG\LALR.OBJ
C:\USERS\OREN ISH SHALOM\DOCUMENTS\JOB\MTA\2013-2014\SEMESTER_02\COMPILATION\COMPILATION_FOR_LECTURER\STEP_05_BOTTOM_UP_PARSER_BISON\BISON\DEBUG\LEX.OBJ
C:\USERS\OREN ISH SHALOM\DOCUMENTS\JOB\MTA\2013-2014\SEMESTER_02\COMPILATION\COMPILATION_FOR_LECTURER\STEP_05_BOTTOM_UP_PARSER_BISON\BISON\DEBUG\LR0.OBJ
C:\USERS\OREN ISH SHALOM\DOCUMENTS\JOB\MTA\2013-2014\SEMESTER_02\COMPILATION\COMPILATION_FOR_LECTURER\STEP_05_BOTTOM_UP_PARSER_BISON\BISON\DEBUG\MAIN.OBJ
C:\USERS\OREN ISH SHALOM\DOCUMENTS\JOB\MTA\2013-2014\SEMESTER_02\COMPILATION\COMPILATION_FOR_LECTURER\STEP_05_BOTTOM_UP_PARSER_BISON\BISON\DEBUG\NULLABLE.OBJ
C:\USERS\OREN ISH SHALOM\DOCUMENTS\JOB\MTA\2013-2014\SEMESTER_02\COMPILATION\COMPILATION_FOR_LECTURER\STEP_05_BOTTOM_UP_PARSER_BISON\BISON\DEBUG\OUTPUT.OBJ
C:\USERS\OREN ISH SHALOM\DOCUMENTS\JOB\MTA\2013-2014\SEMESTER_02\COMPILATION\COMPILATION_FOR_LECTURER\STEP_05_BOTTOM_UP_PARSER_BISON\BISON\DEBUG\PRINT.OBJ
C:\USERS\OREN ISH SHALOM\DOCUMENTS\JOB\MTA\2013-2014\SEMESTER_02\COMPILATION\COMPILATION_FOR_LECTURER\STEP_05_BOTTOM_UP_PARSER_BISON\BISON\DEBUG\READER.OBJ
C:\USERS\OREN ISH SHALOM\DOCUMENTS\JOB\MTA\2013-2014\SEMESTER_02\COMPILATION\COMPILATION_FOR_LECTURER\STEP_05_BOTTOM_UP_PARSER_BISON\BISON\DEBUG\REDUCE.OBJ
C:\USERS\OREN ISH SHALOM\DOCUMENTS\JOB\MTA\2013-2014\SEMESTER_02\COMPILATION\COMPILATION_FOR_LECTURER\STEP_05_BOTTOM_UP_PARSER_BISON\BISON\DEBUG\SYMTAB.OBJ
C:\USERS\OREN ISH SHALOM\DOCUMENTS\JOB\MTA\2013-2014\SEMESTER_02\COMPILATION\COMPILATION_FOR_LECTURER\STEP_05_BOTTOM_UP_PARSER_BISON\BISON\DEBUG\VC100.PDB
C:\USERS\OREN ISH SHALOM\DOCUMENTS\JOB\MTA\2013-2014\SEMESTER_02\COMPILATION\COMPILATION_FOR_LECTURER\STEP_05_BOTTOM_UP_PARSER_BISON\BISON\DEBUG\VERSION.OBJ
C:\USERS\OREN ISH SHALOM\DOCUMENTS\JOB\MTA\2013-2014\SEMESTER_02\COMPILATION\COMPILATION_FOR_LECTURER\STEP_05_BOTTOM_UP_PARSER_BISON\BISON\DEBUG\WARSHALL.OBJ
C:\USERS\OREN ISH SHALOM\DOCUMENTS\JOB\MTA\2014-2015\SEMESTER_01\COMPILATION\COMPILATION_FOR_STUDENTS\STEP_04_BOTTOM_UP_PARSER_BISON\BISON\DEBUG\ALLOCA.OBJ
C:\USERS\OREN ISH SHALOM\DOCUMENTS\JOB\MTA\2014-2015\SEMESTER_01\COMPILATION\COMPILATION_FOR_STUDENTS\STEP_04_BOTTOM_UP_PARSER_BISON\BISON\DEBUG\ALLOCATE.OBJ
C:\USERS\OREN ISH SHALOM\DOCUMENTS\JOB\MTA\2014-2015\SEMESTER_01\COMPILATION\COMPILATION_FOR_STUDENTS\STEP_04_BOTTOM_UP_PARSER_BISON\BISON\DEBUG\BISON.EXE
C:\USERS\OREN ISH SHALOM\DOCUMENTS\JOB\MTA\2014-2015\SEMESTER_01\COMPILATION\COMPILATION_FOR_STUDENTS\STEP_04_BOTTOM_UP_PARSER_BISON\BISON\DEBUG\BISON.EXE.INTERMEDIATE.MANIFEST
C:\USERS\OREN ISH SHALOM\DOCUMENTS\JOB\MTA\2014-2015\SEMESTER_01\COMPILATION\COMPILATION_FOR_STUDENTS\STEP_04_BOTTOM_UP_PARSER_BISON\BISON\DEBUG\BISON.PDB
C:\USERS\OREN ISH SHALOM\DOCUMENTS\JOB\MTA\2014-2015\SEMESTER_01\COMPILATION\COMPILATION_FOR_STUDENTS\STEP_04_BOTTOM_UP_PARSER_BISON\BISON\DEBUG\CLOSURE.OBJ
C:\USERS\OREN ISH SHALOM\DOCUMENTS\JOB\MTA\2014-2015\SEMESTER_01\COMPILATION\COMPILATION_FOR_STUDENTS\STEP_04_BOTTOM_UP_PARSER_BISON\BISON\DEBUG\CONFLICTS.OBJ
C:\USERS\OREN ISH SHALOM\DOCUMENTS\JOB\MTA\2014-2015\SEMESTER_01\COMPILATION\COMPILATION_FOR_STUDENTS\STEP_04_BOTTOM_UP_PARSER_BISON\BISON\DEBUG\DERIVES.OBJ
C:\USERS\OREN ISH SHALOM\DOCUMENTS\JOB\MTA\2014-2015\SEMESTER_01\COMPILATION\COMPILATION_FOR_STUDENTS\STEP_04_BOTTOM_UP_PARSER_BISON\BISON\DEBUG\FILES.OBJ
C:\USERS\OREN ISH SHALOM\DOCUMENTS\JOB\MTA\2014-2015\SEMESTER_01\COMPILATION\COMPILATION_FOR_STUDENTS\STEP_04_BOTTOM_UP_PARSER_BISON\BISON\DEBUG\GETARGS.OBJ
C:\USERS\OREN ISH SHALOM\DOCUMENTS\JOB\MTA\2014-2015\SEMESTER_01\COMPILATION\COMPILATION_FOR_STUDENTS\STEP_04_BOTTOM_UP_PARSER_BISON\BISON\DEBUG\GETOPT.OBJ
C:\USERS\OREN ISH SHALOM\DOCUMENTS\JOB\MTA\2014-2015\SEMESTER_01\COMPILATION\COMPILATION_FOR_STUDENTS\STEP_04_BOTTOM_UP_PARSER_BISON\BISON\DEBUG\GETOPT1.OBJ
C:\USERS\OREN ISH SHALOM\DOCUMENTS\JOB\MTA\2014-2015\SEMESTER_01\COMPILATION\COMPILATION_FOR_STUDENTS\STEP_04_BOTTOM_UP_PARSER_BISON\BISON\DEBUG\GRAM.OBJ
C:\USERS\OREN ISH SHALOM\DOCUMENTS\JOB\MTA\2014-2015\SEMESTER_01\COMPILATION\COMPILATION_FOR_STUDENTS\STEP_04_BOTTOM_UP_PARSER_BISON\BISON\DEBUG\LALR.OBJ
C:\USERS\OREN ISH SHALOM\DOCUMENTS\JOB\MTA\2014-2015\SEMESTER_01\COMPILATION\COMPILATION_FOR_STUDENTS\STEP_04_BOTTOM_UP_PARSER_BISON\BISON\DEBUG\LEX.OBJ
C:\USERS\OREN ISH SHALOM\DOCUMENTS\JOB\MTA\2014-2015\SEMESTER_01\COMPILATION\COMPILATION_FOR_STUDENTS\STEP_04_BOTTOM_UP_PARSER_BISON\BISON\DEBUG\LR0.OBJ
C:\USERS\OREN ISH SHALOM\DOCUMENTS\JOB\MTA\2014-2015\SEMESTER_01\COMPILATION\COMPILATION_FOR_STUDENTS\STEP_04_BOTTOM_UP_PARSER_BISON\BISON\DEBUG\MAIN.OBJ
C:\USERS\OREN ISH SHALOM\DOCUMENTS\JOB\MTA\2014-2015\SEMESTER_01\COMPILATION\COMPILATION_FOR_STUDENTS\STEP_04_BOTTOM_UP_PARSER_BISON\BISON\DEBUG\NULLABLE.OBJ
C:\USERS\OREN ISH SHALOM\DOCUMENTS\JOB\MTA\2014-2015\SEMESTER_01\COMPILATION\COMPILATION_FOR_STUDENTS\STEP_04_BOTTOM_UP_PARSER_BISON\BISON\DEBUG\OUTPUT.OBJ
C:\USERS\OREN ISH SHALOM\DOCUMENTS\JOB\MTA\2014-2015\SEMESTER_01\COMPILATION\COMPILATION_FOR_STUDENTS\STEP_04_BOTTOM_UP_PARSER_BISON\BISON\DEBUG\PRINT.OBJ
C:\USERS\OREN ISH SHALOM\DOCUMENTS\JOB\MTA\2014-2015\SEMESTER_01\COMPILATION\COMPILATION_FOR_STUDENTS\STEP_04_BOTTOM_UP_PARSER_BISON\BISON\DEBUG\READER.OBJ
C:\USERS\OREN ISH SHALOM\DOCUMENTS\JOB\MTA\2014-2015\SEMESTER_01\COMPILATION\COMPILATION_FOR_STUDENTS\STEP_04_BOTTOM_UP_PARSER_BISON\BISON\DEBUG\REDUCE.OBJ
C:\USERS\OREN ISH SHALOM\DOCUMENTS\JOB\MTA\2014-2015\SEMESTER_01\COMPILATION\COMPILATION_FOR_STUDENTS\STEP_04_BOTTOM_UP_PARSER_BISON\BISON\DEBUG\SYMTAB.OBJ
C:\USERS\OREN ISH SHALOM\DOCUMENTS\JOB\MTA\2014-2015\SEMESTER_01\COMPILATION\COMPILATION_FOR_STUDENTS\STEP_04_BOTTOM_UP_PARSER_BISON\BISON\DEBUG\VC100.PDB
C:\USERS\OREN ISH SHALOM\DOCUMENTS\JOB\MTA\2014-2015\SEMESTER_01\COMPILATION\COMPILATION_FOR_STUDENTS\STEP_04_BOTTOM_UP_PARSER_BISON\BISON\DEBUG\VERSION.OBJ
C:\USERS\OREN ISH SHALOM\DOCUMENTS\JOB\MTA\2014-2015\SEMESTER_01\COMPILATION\COMPILATION_FOR_STUDENTS\STEP_04_BOTTOM_UP_PARSER_BISON\BISON\DEBUG\WARSHALL.OBJ
C:\USERS\OREN ISH SHALOM\DROPBOX\MTA\COMPILATION\2015-2016\COMPILATION\COMPILATION_FOR_STUDENTS\COMPILER\STEP_04_BOTTOM_UP_PARSER_BISON\BISON\DEBUG\ALLOCA.OBJ
C:\USERS\OREN ISH SHALOM\DROPBOX\MTA\COMPILATION\2015-2016\COMPILATION\COMPILATION_FOR_STUDENTS\COMPILER\STEP_04_BOTTOM_UP_PARSER_BISON\BISON\DEBUG\ALLOCATE.OBJ
C:\USERS\OREN ISH SHALOM\DROPBOX\MTA\COMPILATION\2015-2016\COMPILATION\COMPILATION_FOR_STUDENTS\COMPILER\STEP_04_BOTTOM_UP_PARSER_BISON\BISON\DEBUG\BISON.EXE
C:\USERS\OREN ISH SHALOM\DROPBOX\MTA\COMPILATION\2015-2016\COMPILATION\COMPILATION_FOR_STUDENTS\COMPILER\STEP_04_BOTTOM_UP_PARSER_BISON\BISON\DEBUG\BISON.EXE.INTERMEDIATE.MANIFEST
C:\USERS\OREN ISH SHALOM\DROPBOX\MTA\COMPILATION\2015-2016\COMPILATION\COMPILATION_FOR_STUDENTS\COMPILER\STEP_04_BOTTOM_UP_PARSER_BISON\BISON\DEBUG\BISON.PDB
C:\USERS\OREN ISH SHALOM\DROPBOX\MTA\COMPILATION\2015-2016\COMPILATION\COMPILATION_FOR_STUDENTS\COMPILER\STEP_04_BOTTOM_UP_PARSER_BISON\BISON\DEBUG\CLOSURE.OBJ
C:\USERS\OREN ISH SHALOM\DROPBOX\MTA\COMPILATION\2015-2016\COMPILATION\COMPILATION_FOR_STUDENTS\COMPILER\STEP_04_BOTTOM_UP_PARSER_BISON\BISON\DEBUG\CONFLICTS.OBJ
C:\USERS\OREN ISH SHALOM\DROPBOX\MTA\COMPILATION\2015-2016\COMPILATION\COMPILATION_FOR_STUDENTS\COMPILER\STEP_04_BOTTOM_UP_PARSER_BISON\BISON\DEBUG\DERIVES.OBJ
C:\USERS\OREN ISH SHALOM\DROPBOX\MTA\COMPILATION\2015-2016\COMPILATION\COMPILATION_FOR_STUDENTS\COMPILER\STEP_04_BOTTOM_UP_PARSER_BISON\BISON\DEBUG\FILES.OBJ
C:\USERS\OREN ISH SHALOM\DROPBOX\MTA\COMPILATION\2015-2016\COMPILATION\COMPILATION_FOR_STUDENTS\COMPILER\STEP_04_BOTTOM_UP_PARSER_BISON\BISON\DEBUG\GETARGS.OBJ
C:\USERS\OREN ISH SHALOM\DROPBOX\MTA\COMPILATION\2015-2016\COMPILATION\COMPILATION_FOR_STUDENTS\COMPILER\STEP_04_BOTTOM_UP_PARSER_BISON\BISON\DEBUG\GETOPT.OBJ
C:\USERS\OREN ISH SHALOM\DROPBOX\MTA\COMPILATION\2015-2016\COMPILATION\COMPILATION_FOR_STUDENTS\COMPILER\STEP_04_BOTTOM_UP_PARSER_BISON\BISON\DEBUG\GETOPT1.OBJ
C:\USERS\OREN ISH SHALOM\DROPBOX\MTA\COMPILATION\2015-2016\COMPILATION\COMPILATION_FOR_STUDENTS\COMPILER\STEP_04_BOTTOM_UP_PARSER_BISON\BISON\DEBUG\GRAM.OBJ
C:\USERS\OREN ISH SHALOM\DROPBOX\MTA\COMPILATION\2015-2016\COMPILATION\COMPILATION_FOR_STUDENTS\COMPILER\STEP_04_BOTTOM_UP_PARSER_BISON\BISON\DEBUG\LALR.OBJ
C:\USERS\OREN ISH SHALOM\DROPBOX\MTA\COMPILATION\2015-2016\COMPILATION\COMPILATION_FOR_STUDENTS\COMPILER\STEP_04_BOTTOM_UP_PARSER_BISON\BISON\DEBUG\LEX.OBJ
C:\USERS\OREN ISH SHALOM\DROPBOX\MTA\COMPILATION\2015-2016\COMPILATION\COMPILATION_FOR_STUDENTS\COMPILER\STEP_04_BOTTOM_UP_PARSER_BISON\BISON\DEBUG\LR0.OBJ
C:\USERS\OREN ISH SHALOM\DROPBOX\MTA\COMPILATION\2015-2016\COMPILATION\COMPILATION_FOR_STUDENTS\COMPILER\STEP_04_BOTTOM_UP_PARSER_BISON\BISON\DEBUG\MAIN.OBJ
C:\USERS\OREN ISH SHALOM\DROPBOX\MTA\COMPILATION\2015-2016\COMPILATION\COMPILATION_FOR_STUDENTS\COMPILER\STEP_04_BOTTOM_UP_PARSER_BISON\BISON\DEBUG\NULLABLE.OBJ
C:\USERS\OREN ISH SHALOM\DROPBOX\MTA\COMPILATION\2015-2016\COMPILATION\COMPILATION_FOR_STUDENTS\COMPILER\STEP_04_BOTTOM_UP_PARSER_BISON\BISON\DEBUG\OUTPUT.OBJ
C:\USERS\OREN ISH SHALOM\DROPBOX\MTA\COMPILATION\2015-2016\COMPILATION\COMPILATION_FOR_STUDENTS\COMPILER\STEP_04_BOTTOM_UP_PARSER_BISON\BISON\DEBUG\PRINT.OBJ
C:\USERS\OREN ISH SHALOM\DROPBOX\MTA\COMPILATION\2015-2016\COMPILATION\COMPILATION_FOR_STUDENTS\COMPILER\STEP_04_BOTTOM_UP_PARSER_BISON\BISON\DEBUG\READER.OBJ
C:\USERS\OREN ISH SHALOM\DROPBOX\MTA\COMPILATION\2015-2016\COMPILATION\COMPILATION_FOR_STUDENTS\COMPILER\STEP_04_BOTTOM_UP_PARSER_BISON\BISON\DEBUG\REDUCE.OBJ
C:\USERS\OREN ISH SHALOM\DROPBOX\MTA\COMPILATION\2015-2016\COMPILATION\COMPILATION_FOR_STUDENTS\COMPILER\STEP_04_BOTTOM_UP_PARSER_BISON\BISON\DEBUG\SYMTAB.OBJ
C:\USERS\OREN ISH SHALOM\DROPBOX\MTA\COMPILATION\2015-2016\COMPILATION\COMPILATION_FOR_STUDENTS\COMPILER\STEP_04_BOTTOM_UP_PARSER_BISON\BISON\DEBUG\VC100.PDB
C:\USERS\OREN ISH SHALOM\DROPBOX\MTA\COMPILATION\2015-2016\COMPILATION\COMPILATION_FOR_STUDENTS\COMPILER\STEP_04_BOTTOM_UP_PARSER_BISON\BISON\DEBUG\VERSION.OBJ
C:\USERS\OREN ISH SHALOM\DROPBOX\MTA\COMPILATION\2015-2016\COMPILATION\COMPILATION_FOR_STUDENTS\COMPILER\STEP_04_BOTTOM_UP_PARSER_BISON\BISON\DEBUG\WARSHALL.OBJ
C:\Users\Oren Ish Shalom\Dropbox\MTA\COMPILATION\2016-2017\Compilation\Compilation_For_Students\Compiler\Step_04_Bottom_Up_Parser_Bison\Bison\Debug\alloca.obj
C:\Users\Oren Ish Shalom\Dropbox\MTA\COMPILATION\2016-2017\Compilation\Compilation_For_Students\Compiler\Step_04_Bottom_Up_Parser_Bison\Bison\Debug\allocate.obj
C:\Users\Oren Ish Shalom\Dropbox\MTA\COMPILATION\2016-2017\Compilation\Compilation_For_Students\Compiler\Step_04_Bottom_Up_Parser_Bison\Bison\Debug\Bison.exe
C:\Users\Oren Ish Shalom\Dropbox\MTA\COMPILATION\2016-2017\Compilation\Compilation_For_Students\Compiler\Step_04_Bottom_Up_Parser_Bison\Bison\Debug\Bison.exe.embed.manifest
C:\Users\Oren Ish Shalom\Dropbox\MTA\COMPILATION\2016-2017\Compilation\Compilation_For_Students\Compiler\Step_04_Bottom_Up_Parser_Bison\Bison\Debug\Bison.exe.embed.manifest.res
C:\Users\Oren Ish Shalom\Dropbox\MTA\COMPILATION\2016-2017\Compilation\Compilation_For_Students\Compiler\Step_04_Bottom_Up_Parser_Bison\Bison\Debug\Bison.exe.intermediate.manifest
C:\Users\Oren Ish Shalom\Dropbox\MTA\COMPILATION\2016-2017\Compilation\Compilation_For_Students\Compiler\Step_04_Bottom_Up_Parser_Bison\Bison\Debug\Bison.pdb
C:\Users\Oren Ish Shalom\Dropbox\MTA\COMPILATION\2016-2017\Compilation\Compilation_For_Students\Compiler\Step_04_Bottom_Up_Parser_Bison\Bison\Debug\Bison.vcxprojResolveAssemblyReference.cache
C:\Users\Oren Ish Shalom\Dropbox\MTA\COMPILATION\2016-2017\Compilation\Compilation_For_Students\Compiler\Step_04_Bottom_Up_Parser_Bison\Bison\Debug\Bison.write.1.tlog
C:\Users\Oren Ish Shalom\Dropbox\MTA\COMPILATION\2016-2017\Compilation\Compilation_For_Students\Compiler\Step_04_Bottom_Up_Parser_Bison\Bison\Debug\Bison_manifest.rc
C:\Users\Oren Ish Shalom\Dropbox\MTA\COMPILATION\2016-2017\Compilation\Compilation_For_Students\Compiler\Step_04_Bottom_Up_Parser_Bison\Bison\Debug\cl.command.1.tlog
C:\Users\Oren Ish Shalom\Dropbox\MTA\COMPILATION\2016-2017\Compilation\Compilation_For_Students\Compiler\Step_04_Bottom_Up_Parser_Bison\Bison\Debug\CL.read.1.tlog
C:\Users\Oren Ish Shalom\Dropbox\MTA\COMPILATION\2016-2017\Compilation\Compilation_For_Students\Compiler\Step_04_Bottom_Up_Parser_Bison\Bison\Debug\CL.write.1.tlog
C:\USERS\OREN ISH SHALOM\DROPBOX\MTA\COMPILATION\2016-2017\COMPILATION\COMPILATION_FOR_STUDENTS\COMPILER\STEP_04_BOTTOM_UP_PARSER_BISON\BISON\DEBUG\CLOSURE.OBJ
C:\USERS\OREN ISH SHALOM\DROPBOX\MTA\COMPILATION\2016-2017\COMPILATION\COMPILATION_FOR_STUDENTS\COMPILER\STEP_04_BOTTOM_UP_PARSER_BISON\BISON\DEBUG\CONFLICTS.OBJ
C:\USERS\OREN ISH SHALOM\DROPBOX\MTA\COMPILATION\2016-2017\COMPILATION\COMPILATION_FOR_STUDENTS\COMPILER\STEP_04_BOTTOM_UP_PARSER_BISON\BISON\DEBUG\DERIVES.OBJ
C:\USERS\OREN ISH SHALOM\DROPBOX\MTA\COMPILATION\2016-2017\COMPILATION\COMPILATION_FOR_STUDENTS\COMPILER\STEP_04_BOTTOM_UP_PARSER_BISON\BISON\DEBUG\FILES.OBJ
C:\USERS\OREN ISH SHALOM\DROPBOX\MTA\COMPILATION\2016-2017\COMPILATION\COMPILATION_FOR_STUDENTS\COMPILER\STEP_04_BOTTOM_UP_PARSER_BISON\BISON\DEBUG\GETARGS.OBJ
C:\USERS\OREN ISH SHALOM\DROPBOX\MTA\COMPILATION\2016-2017\COMPILATION\COMPILATION_FOR_STUDENTS\COMPILER\STEP_04_BOTTOM_UP_PARSER_BISON\BISON\DEBUG\GETOPT.OBJ
C:\USERS\OREN ISH SHALOM\DROPBOX\MTA\COMPILATION\2016-2017\COMPILATION\COMPILATION_FOR_STUDENTS\COMPILER\STEP_04_BOTTOM_UP_PARSER_BISON\BISON\DEBUG\GETOPT1.OBJ
C:\USERS\OREN ISH SHALOM\DROPBOX\MTA\COMPILATION\2016-2017\COMPILATION\COMPILATION_FOR_STUDENTS\COMPILER\STEP_04_BOTTOM_UP_PARSER_BISON\BISON\DEBUG\GRAM.OBJ
C:\USERS\OREN ISH SHALOM\DROPBOX\MTA\COMPILATION\2016-2017\COMPILATION\COMPILATION_FOR_STUDENTS\COMPILER\STEP_04_BOTTOM_UP_PARSER_BISON\BISON\DEBUG\LALR.OBJ
C:\USERS\OREN ISH SHALOM\DROPBOX\MTA\COMPILATION\2016-2017\COMPILATION\COMPILATION_FOR_STUDENTS\COMPILER\STEP_04_BOTTOM_UP_PARSER_BISON\BISON\DEBUG\LEX.OBJ
C:\Users\Oren Ish Shalom\Dropbox\MTA\COMPILATION\2016-2017\Compilation\Compilation_For_Students\Compiler\Step_04_Bottom_Up_Parser_Bison\Bison\Debug\link.167804.read.1.tlog
C:\Users\Oren Ish Shalom\Dropbox\MTA\COMPILATION\2016-2017\Compilation\Compilation_For_Students\Compiler\Step_04_Bottom_Up_Parser_Bison\Bison\Debug\link.167804.write.1.tlog
C:\Users\Oren Ish Shalom\Dropbox\MTA\COMPILATION\2016-2017\Compilation\Compilation_For_Students\Compiler\Step_04_Bottom_Up_Parser_Bison\Bison\Debug\link.167804-cvtres.read.1.tlog
C:\Users\Oren Ish Shalom\Dropbox\MTA\COMPILATION\2016-2017\Compilation\Compilation_For_Students\Compiler\Step_04_Bottom_Up_Parser_Bison\Bison\Debug\link.167804-cvtres.write.1.tlog
C:\Users\Oren Ish Shalom\Dropbox\MTA\COMPILATION\2016-2017\Compilation\Compilation_For_Students\Compiler\Step_04_Bottom_Up_Parser_Bison\Bison\Debug\link.command.1.tlog
C:\Users\Oren Ish Shalom\Dropbox\MTA\COMPILATION\2016-2017\Compilation\Compilation_For_Students\Compiler\Step_04_Bottom_Up_Parser_Bison\Bison\Debug\link.read.1.tlog
C:\Users\Oren Ish Shalom\Dropbox\MTA\COMPILATION\2016-2017\Compilation\Compilation_For_Students\Compiler\Step_04_Bottom_Up_Parser_Bison\Bison\Debug\link.write.1.tlog
C:\Users\Oren Ish Shalom\Dropbox\MTA\COMPILATION\2016-2017\Compilation\Compilation_For_Students\Compiler\Step_04_Bottom_Up_Parser_Bison\Bison\Debug\link-cvtres.read.1.tlog
C:\Users\Oren Ish Shalom\Dropbox\MTA\COMPILATION\2016-2017\Compilation\Compilation_For_Students\Compiler\Step_04_Bottom_Up_Parser_Bison\Bison\Debug\link-cvtres.write.1.tlog
C:\USERS\OREN ISH SHALOM\DROPBOX\MTA\COMPILATION\2016-2017\COMPILATION\COMPILATION_FOR_STUDENTS\COMPILER\STEP_04_BOTTOM_UP_PARSER_BISON\BISON\DEBUG\LR0.OBJ
C:\USERS\OREN ISH SHALOM\DROPBOX\MTA\COMPILATION\2016-2017\COMPILATION\COMPILATION_FOR_STUDENTS\COMPILER\STEP_04_BOTTOM_UP_PARSER_BISON\BISON\DEBUG\MAIN.OBJ
C:\Users\Oren Ish Shalom\Dropbox\MTA\COMPILATION\2016-2017\Compilation\Compilation_For_Students\Compiler\Step_04_Bottom_Up_Parser_Bison\Bison\Debug\mt.command.1.tlog
C:\Users\Oren Ish Shalom\Dropbox\MTA\COMPILATION\2016-2017\Compilation\Compilation_For_Students\Compiler\Step_04_Bottom_Up_Parser_Bison\Bison\Debug\mt.read.1.tlog
C:\Users\Oren Ish Shalom\Dropbox\MTA\COMPILATION\2016-2017\Compilation\Compilation_For_Students\Compiler\Step_04_Bottom_Up_Parser_Bison\Bison\Debug\mt.write.1.tlog
C:\USERS\OREN ISH SHALOM\DROPBOX\MTA\COMPILATION\2016-2017\COMPILATION\COMPILATION_FOR_STUDENTS\COMPILER\STEP_04_BOTTOM_UP_PARSER_BISON\BISON\DEBUG\NULLABLE.OBJ
C:\USERS\OREN ISH SHALOM\DROPBOX\MTA\COMPILATION\2016-2017\COMPILATION\COMPILATION_FOR_STUDENTS\COMPILER\STEP_04_BOTTOM_UP_PARSER_BISON\BISON\DEBUG\OUTPUT.OBJ
C:\USERS\OREN ISH SHALOM\DROPBOX\MTA\COMPILATION\2016-2017\COMPILATION\COMPILATION_FOR_STUDENTS\COMPILER\STEP_04_BOTTOM_UP_PARSER_BISON\BISON\DEBUG\PRINT.OBJ
C:\Users\Oren Ish Shalom\Dropbox\MTA\COMPILATION\2016-2017\Compilation\Compilation_For_Students\Compiler\Step_04_Bottom_Up_Parser_Bison\Bison\Debug\rc.command.1.tlog
C:\Users\Oren Ish Shalom\Dropbox\MTA\COMPILATION\2016-2017\Compilation\Compilation_For_Students\Compiler\Step_04_Bottom_Up_Parser_Bison\Bison\Debug\rc.read.1.tlog
C:\Users\Oren Ish Shalom\Dropbox\MTA\COMPILATION\2016-2017\Compilation\Compilation_For_Students\Compiler\Step_04_Bottom_Up_Parser_Bison\Bison\Debug\rc.write.1.tlog
C:\USERS\OREN ISH SHALOM\DROPBOX\MTA\COMPILATION\2016-2017\COMPILATION\COMPILATION_FOR_STUDENTS\COMPILER\STEP_04_BOTTOM_UP_PARSER_BISON\BISON\DEBUG\READER.OBJ
C:\USERS\OREN ISH SHALOM\DROPBOX\MTA\COMPILATION\2016-2017\COMPILATION\COMPILATION_FOR_STUDENTS\COMPILER\STEP_04_BOTTOM_UP_PARSER_BISON\BISON\DEBUG\REDUCE.OBJ
C:\USERS\OREN ISH SHALOM\DROPBOX\MTA\COMPILATION\2016-2017\COMPILATION\COMPILATION_FOR_STUDENTS\COMPILER\STEP_04_BOTTOM_UP_PARSER_BISON\BISON\DEBUG\SYMTAB.OBJ
C:\Users\Oren Ish Shalom\Dropbox\MTA\COMPILATION\2016-2017\Compilation\Compilation_For_Students\Compiler\Step_04_Bottom_Up_Parser_Bison\Bison\Debug\vc100.idb
C:\USERS\OREN ISH SHALOM\DROPBOX\MTA\COMPILATION\2016-2017\COMPILATION\COMPILATION_FOR_STUDENTS\COMPILER\STEP_04_BOTTOM_UP_PARSER_BISON\BISON\DEBUG\VC100.PDB
C:\USERS\OREN ISH SHALOM\DROPBOX\MTA\COMPILATION\2016-2017\COMPILATION\COMPILATION_FOR_STUDENTS\COMPILER\STEP_04_BOTTOM_UP_PARSER_BISON\BISON\DEBUG\VERSION.OBJ
C:\USERS\OREN ISH SHALOM\DROPBOX\MTA\COMPILATION\2016-2017\COMPILATION\COMPILATION_FOR_STUDENTS\COMPILER\STEP_04_BOTTOM_UP_PARSER_BISON\BISON\DEBUG\WARSHALL.OBJ
