<<<<<<< HEAD
﻿  warshall.c
  version.c
  symtab.c
c:\develop\projects\compailers\step_04_bottom_up_parser_bison\step_04_bottom_up_parser_bison\step_04_bottom_up_parser_bison\bison\symtab.c(64): warning C4996: 'strcpy': This function or variable may be unsafe. Consider using strcpy_s instead. To disable deprecation, use _CRT_SECURE_NO_WARNINGS. See online help for details.
          c:\program files (x86)\microsoft visual studio 10.0\vc\include\string.h(105) : see declaration of 'strcpy'
c:\develop\projects\compailers\step_04_bottom_up_parser_bison\step_04_bottom_up_parser_bison\step_04_bottom_up_parser_bison\bison\symtab.c(145): warning C4013: 'free' undefined; assuming extern returning int
  reduce.c
c:\develop\projects\compailers\step_04_bottom_up_parser_bison\step_04_bottom_up_parser_bison\step_04_bottom_up_parser_bison\bison\reduce.c(96): warning C4146: unary minus operator applied to unsigned type, result still unsigned
c:\develop\projects\compailers\step_04_bottom_up_parser_bison\step_04_bottom_up_parser_bison\step_04_bottom_up_parser_bison\bison\reduce.c(164): warning C4013: 'free' undefined; assuming extern returning int
  reader.c
c:\develop\projects\compailers\step_04_bottom_up_parser_bison\step_04_bottom_up_parser_bison\step_04_bottom_up_parser_bison\bison\reader.c(324): warning C4013: 'printable_version' undefined; assuming extern returning int
c:\develop\projects\compailers\step_04_bottom_up_parser_bison\step_04_bottom_up_parser_bison\step_04_bottom_up_parser_bison\bison\reader.c(324): warning C4996: 'sprintf': This function or variable may be unsafe. Consider using sprintf_s instead. To disable deprecation, use _CRT_SECURE_NO_WARNINGS. See online help for details.
          c:\program files (x86)\microsoft visual studio 10.0\vc\include\stdio.h(371) : see declaration of 'sprintf'
c:\develop\projects\compailers\step_04_bottom_up_parser_bison\step_04_bottom_up_parser_bison\step_04_bottom_up_parser_bison\bison\reader.c(497): warning C4996: 'strcpy': This function or variable may be unsafe. Consider using strcpy_s instead. To disable deprecation, use _CRT_SECURE_NO_WARNINGS. See online help for details.
          c:\program files (x86)\microsoft visual studio 10.0\vc\include\string.h(105) : see declaration of 'strcpy'
c:\develop\projects\compailers\step_04_bottom_up_parser_bison\step_04_bottom_up_parser_bison\step_04_bottom_up_parser_bison\bison\reader.c(581): warning C4996: 'strcpy': This function or variable may be unsafe. Consider using strcpy_s instead. To disable deprecation, use _CRT_SECURE_NO_WARNINGS. See online help for details.
          c:\program files (x86)\microsoft visual studio 10.0\vc\include\string.h(105) : see declaration of 'strcpy'
c:\develop\projects\compailers\step_04_bottom_up_parser_bison\step_04_bottom_up_parser_bison\step_04_bottom_up_parser_bison\bison\reader.c(663): warning C4996: 'strcpy': This function or variable may be unsafe. Consider using strcpy_s instead. To disable deprecation, use _CRT_SECURE_NO_WARNINGS. See online help for details.
          c:\program files (x86)\microsoft visual studio 10.0\vc\include\string.h(105) : see declaration of 'strcpy'
c:\develop\projects\compailers\step_04_bottom_up_parser_bison\step_04_bottom_up_parser_bison\step_04_bottom_up_parser_bison\bison\reader.c(726): warning C4996: 'strcpy': This function or variable may be unsafe. Consider using strcpy_s instead. To disable deprecation, use _CRT_SECURE_NO_WARNINGS. See online help for details.
          c:\program files (x86)\microsoft visual studio 10.0\vc\include\string.h(105) : see declaration of 'strcpy'
c:\develop\projects\compailers\step_04_bottom_up_parser_bison\step_04_bottom_up_parser_bison\step_04_bottom_up_parser_bison\bison\reader.c(920): warning C4013: 'atoi' undefined; assuming extern returning int
c:\develop\projects\compailers\step_04_bottom_up_parser_bison\step_04_bottom_up_parser_bison\step_04_bottom_up_parser_bison\bison\reader.c(1422): warning C4996: 'sprintf': This function or variable may be unsafe. Consider using sprintf_s instead. To disable deprecation, use _CRT_SECURE_NO_WARNINGS. See online help for details.
          c:\program files (x86)\microsoft visual studio 10.0\vc\include\stdio.h(371) : see declaration of 'sprintf'
c:\develop\projects\compailers\step_04_bottom_up_parser_bison\step_04_bottom_up_parser_bison\step_04_bottom_up_parser_bison\bison\reader.c(1764): warning C4996: 'strcpy': This function or variable may be unsafe. Consider using strcpy_s instead. To disable deprecation, use _CRT_SECURE_NO_WARNINGS. See online help for details.
          c:\program files (x86)\microsoft visual studio 10.0\vc\include\string.h(105) : see declaration of 'strcpy'
  print.c
c:\develop\projects\compailers\step_04_bottom_up_parser_bison\step_04_bottom_up_parser_bison\step_04_bottom_up_parser_bison\bison\print.c(281): warning C4996: 'sprintf': This function or variable may be unsafe. Consider using sprintf_s instead. To disable deprecation, use _CRT_SECURE_NO_WARNINGS. See online help for details.
          c:\program files (x86)\microsoft visual studio 10.0\vc\include\stdio.h(371) : see declaration of 'sprintf'
c:\develop\projects\compailers\step_04_bottom_up_parser_bison\step_04_bottom_up_parser_bison\step_04_bottom_up_parser_bison\bison\print.c(289): warning C4996: 'sprintf': This function or variable may be unsafe. Consider using sprintf_s instead. To disable deprecation, use _CRT_SECURE_NO_WARNINGS. See online help for details.
          c:\program files (x86)\microsoft visual studio 10.0\vc\include\stdio.h(371) : see declaration of 'sprintf'
c:\develop\projects\compailers\step_04_bottom_up_parser_bison\step_04_bottom_up_parser_bison\step_04_bottom_up_parser_bison\bison\print.c(303): warning C4996: 'sprintf': This function or variable may be unsafe. Consider using sprintf_s instead. To disable deprecation, use _CRT_SECURE_NO_WARNINGS. See online help for details.
          c:\program files (x86)\microsoft visual studio 10.0\vc\include\stdio.h(371) : see declaration of 'sprintf'
c:\develop\projects\compailers\step_04_bottom_up_parser_bison\step_04_bottom_up_parser_bison\step_04_bottom_up_parser_bison\bison\print.c(311): warning C4996: 'sprintf': This function or variable may be unsafe. Consider using sprintf_s instead. To disable deprecation, use _CRT_SECURE_NO_WARNINGS. See online help for details.
          c:\program files (x86)\microsoft visual studio 10.0\vc\include\stdio.h(371) : see declaration of 'sprintf'
c:\develop\projects\compailers\step_04_bottom_up_parser_bison\step_04_bottom_up_parser_bison\step_04_bottom_up_parser_bison\bison\print.c(338): warning C4996: 'sprintf': This function or variable may be unsafe. Consider using sprintf_s instead. To disable deprecation, use _CRT_SECURE_NO_WARNINGS. See online help for details.
          c:\program files (x86)\microsoft visual studio 10.0\vc\include\stdio.h(371) : see declaration of 'sprintf'
c:\develop\projects\compailers\step_04_bottom_up_parser_bison\step_04_bottom_up_parser_bison\step_04_bottom_up_parser_bison\bison\print.c(344): warning C4996: 'sprintf': This function or variable may be unsafe. Consider using sprintf_s instead. To disable deprecation, use _CRT_SECURE_NO_WARNINGS. See online help for details.
          c:\program files (x86)\microsoft visual studio 10.0\vc\include\stdio.h(371) : see declaration of 'sprintf'
c:\develop\projects\compailers\step_04_bottom_up_parser_bison\step_04_bottom_up_parser_bison\step_04_bottom_up_parser_bison\bison\print.c(350): warning C4996: 'sprintf': This function or variable may be unsafe. Consider using sprintf_s instead. To disable deprecation, use _CRT_SECURE_NO_WARNINGS. See online help for details.
          c:\program files (x86)\microsoft visual studio 10.0\vc\include\stdio.h(371) : see declaration of 'sprintf'
c:\develop\projects\compailers\step_04_bottom_up_parser_bison\step_04_bottom_up_parser_bison\step_04_bottom_up_parser_bison\bison\print.c(357): warning C4996: 'sprintf': This function or variable may be unsafe. Consider using sprintf_s instead. To disable deprecation, use _CRT_SECURE_NO_WARNINGS. See online help for details.
          c:\program files (x86)\microsoft visual studio 10.0\vc\include\stdio.h(371) : see declaration of 'sprintf'
c:\develop\projects\compailers\step_04_bottom_up_parser_bison\step_04_bottom_up_parser_bison\step_04_bottom_up_parser_bison\bison\print.c(359): warning C4996: 'sprintf': This function or variable may be unsafe. Consider using sprintf_s instead. To disable deprecation, use _CRT_SECURE_NO_WARNINGS. See online help for details.
          c:\program files (x86)\microsoft visual studio 10.0\vc\include\stdio.h(371) : see declaration of 'sprintf'
c:\develop\projects\compailers\step_04_bottom_up_parser_bison\step_04_bottom_up_parser_bison\step_04_bottom_up_parser_bison\bison\print.c(366): warning C4996: 'sprintf': This function or variable may be unsafe. Consider using sprintf_s instead. To disable deprecation, use _CRT_SECURE_NO_WARNINGS. See online help for details.
          c:\program files (x86)\microsoft visual studio 10.0\vc\include\stdio.h(371) : see declaration of 'sprintf'
  output.c
c:\develop\projects\compailers\step_04_bottom_up_parser_bison\step_04_bottom_up_parser_bison\step_04_bottom_up_parser_bison\bison\output.c(277): warning C4013: 'free' undefined; assuming extern returning int
  nullable.c
c:\develop\projects\compailers\step_04_bottom_up_parser_bison\step_04_bottom_up_parser_bison\step_04_bottom_up_parser_bison\bison\nullable.c(125): warning C4013: 'free' undefined; assuming extern returning int
  main.c
c:\develop\projects\compailers\step_04_bottom_up_parser_bison\step_04_bottom_up_parser_bison\step_04_bottom_up_parser_bison\bison\main.c(103): warning C4996: 'sprintf': This function or variable may be unsafe. Consider using sprintf_s instead. To disable deprecation, use _CRT_SECURE_NO_WARNINGS. See online help for details.
          c:\program files (x86)\microsoft visual studio 10.0\vc\include\stdio.h(371) : see declaration of 'sprintf'
c:\develop\projects\compailers\step_04_bottom_up_parser_bison\step_04_bottom_up_parser_bison\step_04_bottom_up_parser_bison\bison\main.c(120): warning C4996: 'sprintf': This function or variable may be unsafe. Consider using sprintf_s instead. To disable deprecation, use _CRT_SECURE_NO_WARNINGS. See online help for details.
          c:\program files (x86)\microsoft visual studio 10.0\vc\include\stdio.h(371) : see declaration of 'sprintf'
c:\develop\projects\compailers\step_04_bottom_up_parser_bison\step_04_bottom_up_parser_bison\step_04_bottom_up_parser_bison\bison\main.c(148): warning C4996: 'sprintf': This function or variable may be unsafe. Consider using sprintf_s instead. To disable deprecation, use _CRT_SECURE_NO_WARNINGS. See online help for details.
          c:\program files (x86)\microsoft visual studio 10.0\vc\include\stdio.h(371) : see declaration of 'sprintf'
c:\develop\projects\compailers\step_04_bottom_up_parser_bison\step_04_bottom_up_parser_bison\step_04_bottom_up_parser_bison\bison\main.c(178): warning C4996: 'sprintf': This function or variable may be unsafe. Consider using sprintf_s instead. To disable deprecation, use _CRT_SECURE_NO_WARNINGS. See online help for details.
          c:\program files (x86)\microsoft visual studio 10.0\vc\include\stdio.h(371) : see declaration of 'sprintf'
c:\develop\projects\compailers\step_04_bottom_up_parser_bison\step_04_bottom_up_parser_bison\step_04_bottom_up_parser_bison\bison\main.c(190): warning C4996: 'sprintf': This function or variable may be unsafe. Consider using sprintf_s instead. To disable deprecation, use _CRT_SECURE_NO_WARNINGS. See online help for details.
          c:\program files (x86)\microsoft visual studio 10.0\vc\include\stdio.h(371) : see declaration of 'sprintf'
c:\develop\projects\compailers\step_04_bottom_up_parser_bison\step_04_bottom_up_parser_bison\step_04_bottom_up_parser_bison\bison\main.c(202): warning C4996: 'sprintf': This function or variable may be unsafe. Consider using sprintf_s instead. To disable deprecation, use _CRT_SECURE_NO_WARNINGS. See online help for details.
          c:\program files (x86)\microsoft visual studio 10.0\vc\include\stdio.h(371) : see declaration of 'sprintf'
c:\develop\projects\compailers\step_04_bottom_up_parser_bison\step_04_bottom_up_parser_bison\step_04_bottom_up_parser_bison\bison\main.c(214): warning C4996: 'sprintf': This function or variable may be unsafe. Consider using sprintf_s instead. To disable deprecation, use _CRT_SECURE_NO_WARNINGS. See online help for details.
          c:\program files (x86)\microsoft visual studio 10.0\vc\include\stdio.h(371) : see declaration of 'sprintf'
c:\develop\projects\compailers\step_04_bottom_up_parser_bison\step_04_bottom_up_parser_bison\step_04_bottom_up_parser_bison\bison\main.c(226): warning C4996: 'sprintf': This function or variable may be unsafe. Consider using sprintf_s instead. To disable deprecation, use _CRT_SECURE_NO_WARNINGS. See online help for details.
          c:\program files (x86)\microsoft visual studio 10.0\vc\include\stdio.h(371) : see declaration of 'sprintf'
c:\develop\projects\compailers\step_04_bottom_up_parser_bison\step_04_bottom_up_parser_bison\step_04_bottom_up_parser_bison\bison\main.c(237): warning C4013: 'abort' undefined; assuming extern returning int
  LR0.c
c:\develop\projects\compailers\step_04_bottom_up_parser_bison\step_04_bottom_up_parser_bison\step_04_bottom_up_parser_bison\bison\lr0.c(139): warning C4013: 'free' undefined; assuming extern returning int
  lex.c
c:\develop\projects\compailers\step_04_bottom_up_parser_bison\step_04_bottom_up_parser_bison\step_04_bottom_up_parser_bison\bison\lex.c(325): warning C4996: 'strcpy': This function or variable may be unsafe. Consider using strcpy_s instead. To disable deprecation, use _CRT_SECURE_NO_WARNINGS. See online help for details.
          c:\program files (x86)\microsoft visual studio 10.0\vc\include\string.h(105) : see declaration of 'strcpy'
c:\develop\projects\compailers\step_04_bottom_up_parser_bison\step_04_bottom_up_parser_bison\step_04_bottom_up_parser_bison\bison\lex.c(451): warning C4996: 'strcpy': This function or variable may be unsafe. Consider using strcpy_s instead. To disable deprecation, use _CRT_SECURE_NO_WARNINGS. See online help for details.
          c:\program files (x86)\microsoft visual studio 10.0\vc\include\string.h(105) : see declaration of 'strcpy'
  lalr.c
c:\develop\projects\compailers\step_04_bottom_up_parser_bison\step_04_bottom_up_parser_bison\step_04_bottom_up_parser_bison\bison\lalr.c(330): warning C4013: 'free' undefined; assuming extern returning int
  gram.c
  getopt1.c
  getopt.c
c:\develop\projects\compailers\step_04_bottom_up_parser_bison\step_04_bottom_up_parser_bison\step_04_bottom_up_parser_bison\bison\getopt.c(340): warning C4013: 'getpid' undefined; assuming extern returning int
c:\develop\projects\compailers\step_04_bottom_up_parser_bison\step_04_bottom_up_parser_bison\step_04_bottom_up_parser_bison\bison\getopt.c(340): warning C4996: 'sprintf': This function or variable may be unsafe. Consider using sprintf_s instead. To disable deprecation, use _CRT_SECURE_NO_WARNINGS. See online help for details.
          c:\program files (x86)\microsoft visual studio 10.0\vc\include\stdio.h(371) : see declaration of 'sprintf'
c:\develop\projects\compailers\step_04_bottom_up_parser_bison\step_04_bottom_up_parser_bison\step_04_bottom_up_parser_bison\bison\getopt.c(345): warning C4013: 'strlen' undefined; assuming extern returning int
c:\develop\projects\compailers\step_04_bottom_up_parser_bison\step_04_bottom_up_parser_bison\step_04_bottom_up_parser_bison\bison\getopt.c(465): warning C4013: 'strcmp' undefined; assuming extern returning int
c:\develop\projects\compailers\step_04_bottom_up_parser_bison\step_04_bottom_up_parser_bison\step_04_bottom_up_parser_bison\bison\getopt.c(541): warning C4013: 'strncmp' undefined; assuming extern returning int
  getargs.c
c:\develop\projects\compailers\step_04_bottom_up_parser_bison\step_04_bottom_up_parser_bison\step_04_bottom_up_parser_bison\bison\getargs.c(106): warning C4013: 'exit' undefined; assuming extern returning int
  files.c
c:\develop\projects\compailers\step_04_bottom_up_parser_bison\step_04_bottom_up_parser_bison\step_04_bottom_up_parser_bison\bison\files.c(65): warning C4273: 'perror' : inconsistent dll linkage
          c:\program files (x86)\microsoft visual studio 10.0\vc\include\stdio.h(281) : see previous definition of 'perror'
c:\develop\projects\compailers\step_04_bottom_up_parser_bison\step_04_bottom_up_parser_bison\step_04_bottom_up_parser_bison\bison\files.c(157): warning C4996: 'strcpy': This function or variable may be unsafe. Consider using strcpy_s instead. To disable deprecation, use _CRT_SECURE_NO_WARNINGS. See online help for details.
          c:\program files (x86)\microsoft visual studio 10.0\vc\include\string.h(105) : see declaration of 'strcpy'
c:\develop\projects\compailers\step_04_bottom_up_parser_bison\step_04_bottom_up_parser_bison\step_04_bottom_up_parser_bison\bison\files.c(161): warning C4996: 'strcat': This function or variable may be unsafe. Consider using strcat_s instead. To disable deprecation, use _CRT_SECURE_NO_WARNINGS. See online help for details.
          c:\program files (x86)\microsoft visual studio 10.0\vc\include\string.h(110) : see declaration of 'strcat'
c:\develop\projects\compailers\step_04_bottom_up_parser_bison\step_04_bottom_up_parser_bison\step_04_bottom_up_parser_bison\bison\files.c(259): warning C4996: 'unlink': The POSIX name for this item is deprecated. Instead, use the ISO C++ conformant name: _unlink. See online help for details.
          c:\program files (x86)\microsoft visual studio 10.0\vc\include\stdio.h(299) : see declaration of 'unlink'
c:\develop\projects\compailers\step_04_bottom_up_parser_bison\step_04_bottom_up_parser_bison\step_04_bottom_up_parser_bison\bison\files.c(260): warning C4996: 'unlink': The POSIX name for this item is deprecated. Instead, use the ISO C++ conformant name: _unlink. See online help for details.
          c:\program files (x86)\microsoft visual studio 10.0\vc\include\stdio.h(299) : see declaration of 'unlink'
c:\develop\projects\compailers\step_04_bottom_up_parser_bison\step_04_bottom_up_parser_bison\step_04_bottom_up_parser_bison\bison\files.c(261): warning C4996: 'unlink': The POSIX name for this item is deprecated. Instead, use the ISO C++ conformant name: _unlink. See online help for details.
          c:\program files (x86)\microsoft visual studio 10.0\vc\include\stdio.h(299) : see declaration of 'unlink'
c:\develop\projects\compailers\step_04_bottom_up_parser_bison\step_04_bottom_up_parser_bison\step_04_bottom_up_parser_bison\bison\files.c(262): warning C4996: 'unlink': The POSIX name for this item is deprecated. Instead, use the ISO C++ conformant name: _unlink. See online help for details.
          c:\program files (x86)\microsoft visual studio 10.0\vc\include\stdio.h(299) : see declaration of 'unlink'
c:\develop\projects\compailers\step_04_bottom_up_parser_bison\step_04_bottom_up_parser_bison\step_04_bottom_up_parser_bison\bison\files.c(108): warning C4101: 'cp' : unreferenced local variable
c:\develop\projects\compailers\step_04_bottom_up_parser_bison\step_04_bottom_up_parser_bison\step_04_bottom_up_parser_bison\bison\files.c(295): warning C4101: 'cp' : unreferenced local variable
c:\develop\projects\compailers\step_04_bottom_up_parser_bison\step_04_bottom_up_parser_bison\step_04_bottom_up_parser_bison\bison\files.c(339): warning C4996: 'fopen': This function or variable may be unsafe. Consider using fopen_s instead. To disable deprecation, use _CRT_SECURE_NO_WARNINGS. See online help for details.
          c:\program files (x86)\microsoft visual studio 10.0\vc\include\stdio.h(234) : see declaration of 'fopen'
c:\develop\projects\compailers\step_04_bottom_up_parser_bison\step_04_bottom_up_parser_bison\step_04_bottom_up_parser_bison\bison\files.c(412): warning C4013: 'exit' undefined; assuming extern returning int
  derives.c
c:\develop\projects\compailers\step_04_bottom_up_parser_bison\step_04_bottom_up_parser_bison\step_04_bottom_up_parser_bison\bison\derives.c(80): warning C4013: 'free' undefined; assuming extern returning int
  conflicts.c
c:\develop\projects\compailers\step_04_bottom_up_parser_bison\step_04_bottom_up_parser_bison\step_04_bottom_up_parser_bison\bison\conflicts.c(262): warning C4013: 'free' undefined; assuming extern returning int
  closure.c
c:\develop\projects\compailers\step_04_bottom_up_parser_bison\step_04_bottom_up_parser_bison\step_04_bottom_up_parser_bison\bison\closure.c(150): warning C4013: 'free' undefined; assuming extern returning int
  Generating Code...
  Compiling...
  allocate.c
  alloca.c
c:\develop\projects\compailers\step_04_bottom_up_parser_bison\step_04_bottom_up_parser_bison\step_04_bottom_up_parser_bison\bison\alloca.c(198): warning C4013: 'free' undefined; assuming extern returning int
c:\develop\projects\compailers\step_04_bottom_up_parser_bison\step_04_bottom_up_parser_bison\step_04_bottom_up_parser_bison\bison\alloca.c(222): warning C4013: 'abort' undefined; assuming extern returning int
  Generating Code...
alloca.obj : warning LNK4075: ignoring '/EDITANDCONTINUE' due to '/INCREMENTAL:NO' specification
  Bison.vcxproj -> C:\Develop\Projects\Compailers\Step_04_Bottom_Up_Parser_Bison\Step_04_Bottom_Up_Parser_Bison\Step_04_Bottom_Up_Parser_Bison\Bison\Debug\Bison.exe
=======
﻿alloca.obj : warning LNK4075: ignoring '/EDITANDCONTINUE' due to '/INCREMENTAL:NO' specification
  Bison.vcxproj -> D:\GitHub\Step_04_Bottom_Up_Parser_Bison\Step_04_Bottom_Up_Parser_Bison\Parser\Debug\Bison.exe
>>>>>>> 3bbc7ee09bcbc69e76c4e23f0b8cea6d0c315832
