C:\USERS\OREN ISH SHALOM\DROPBOX\MTA\COMPILATION\2016-2017\COMPILATION\COMPILATION_FOR_STUDENTS\COMPILER\STEP_04_BOTTOM_UP_PARSER_BISON\PARSER\DEBUG\AST.OBJ
C:\Users\Oren Ish Shalom\Dropbox\MTA\COMPILATION\2016-2017\Compilation\Compilation_For_Students\Compiler\Step_04_Bottom_Up_Parser_Bison\Parser\Debug\cl.command.1.tlog
C:\Users\Oren Ish Shalom\Dropbox\MTA\COMPILATION\2016-2017\Compilation\Compilation_For_Students\Compiler\Step_04_Bottom_Up_Parser_Bison\Parser\Debug\CL.read.1.tlog
C:\Users\Oren Ish Shalom\Dropbox\MTA\COMPILATION\2016-2017\Compilation\Compilation_For_Students\Compiler\Step_04_Bottom_Up_Parser_Bison\Parser\Debug\CL.write.1.tlog
C:\USERS\OREN ISH SHALOM\DROPBOX\MTA\COMPILATION\2016-2017\COMPILATION\COMPILATION_FOR_STUDENTS\COMPILER\STEP_04_BOTTOM_UP_PARSER_BISON\PARSER\DEBUG\DRIVER.OBJ
C:\USERS\OREN ISH SHALOM\DROPBOX\MTA\COMPILATION\2016-2017\COMPILATION\COMPILATION_FOR_STUDENTS\COMPILER\STEP_04_BOTTOM_UP_PARSER_BISON\PARSER\DEBUG\ERRORMSG.OBJ
C:\USERS\OREN ISH SHALOM\DROPBOX\MTA\COMPILATION\2016-2017\COMPILATION\COMPILATION_FOR_STUDENTS\COMPILER\STEP_04_BOTTOM_UP_PARSER_BISON\PARSER\DEBUG\LEX.YY.OBJ
C:\Users\Oren Ish Shalom\Dropbox\MTA\COMPILATION\2016-2017\Compilation\Compilation_For_Students\Compiler\Step_04_Bottom_Up_Parser_Bison\Parser\Debug\link.command.1.tlog
C:\Users\Oren Ish Shalom\Dropbox\MTA\COMPILATION\2016-2017\Compilation\Compilation_For_Students\Compiler\Step_04_Bottom_Up_Parser_Bison\Parser\Debug\link.read.1.tlog
C:\Users\Oren Ish Shalom\Dropbox\MTA\COMPILATION\2016-2017\Compilation\Compilation_For_Students\Compiler\Step_04_Bottom_Up_Parser_Bison\Parser\Debug\link.write.1.tlog
C:\Users\Oren Ish Shalom\Dropbox\MTA\COMPILATION\2016-2017\Compilation\Compilation_For_Students\Compiler\Step_04_Bottom_Up_Parser_Bison\Parser\Debug\mt.command.1.tlog
C:\Users\Oren Ish Shalom\Dropbox\MTA\COMPILATION\2016-2017\Compilation\Compilation_For_Students\Compiler\Step_04_Bottom_Up_Parser_Bison\Parser\Debug\mt.read.1.tlog
C:\Users\Oren Ish Shalom\Dropbox\MTA\COMPILATION\2016-2017\Compilation\Compilation_For_Students\Compiler\Step_04_Bottom_Up_Parser_Bison\Parser\Debug\mt.write.1.tlog
C:\USERS\OREN ISH SHALOM\DROPBOX\MTA\COMPILATION\2016-2017\COMPILATION\COMPILATION_FOR_STUDENTS\COMPILER\STEP_04_BOTTOM_UP_PARSER_BISON\PARSER\DEBUG\PARSER.EXE
C:\USERS\OREN ISH SHALOM\DROPBOX\MTA\COMPILATION\2016-2017\COMPILATION\COMPILATION_FOR_STUDENTS\COMPILER\STEP_04_BOTTOM_UP_PARSER_BISON\PARSER\DEBUG\PARSER.EXE.INTERMEDIATE.MANIFEST
C:\USERS\OREN ISH SHALOM\DROPBOX\MTA\COMPILATION\2016-2017\COMPILATION\COMPILATION_FOR_STUDENTS\COMPILER\STEP_04_BOTTOM_UP_PARSER_BISON\PARSER\DEBUG\PARSER.PDB
C:\Users\Oren Ish Shalom\Dropbox\MTA\COMPILATION\2016-2017\Compilation\Compilation_For_Students\Compiler\Step_04_Bottom_Up_Parser_Bison\Parser\Debug\Parser.write.1.tlog
C:\USERS\OREN ISH SHALOM\DROPBOX\MTA\COMPILATION\2016-2017\COMPILATION\COMPILATION_FOR_STUDENTS\COMPILER\STEP_04_BOTTOM_UP_PARSER_BISON\PARSER\DEBUG\TIGER.TAB.OBJ
C:\USERS\OREN ISH SHALOM\DROPBOX\MTA\COMPILATION\2016-2017\COMPILATION\COMPILATION_FOR_STUDENTS\COMPILER\STEP_04_BOTTOM_UP_PARSER_BISON\PARSER\DEBUG\UTIL.OBJ
C:\Users\Oren Ish Shalom\Dropbox\MTA\COMPILATION\2016-2017\Compilation\Compilation_For_Students\Compiler\Step_04_Bottom_Up_Parser_Bison\Parser\Debug\vc100.idb
C:\USERS\OREN ISH SHALOM\DROPBOX\MTA\COMPILATION\2016-2017\COMPILATION\COMPILATION_FOR_STUDENTS\COMPILER\STEP_04_BOTTOM_UP_PARSER_BISON\PARSER\DEBUG\VC100.PDB
