Build started 22/11/2016 14:28:44.
     1>Project "C:\Users\Oren Ish Shalom\Dropbox\MTA\COMPILATION\2016-2017\Compilation\Compilation_For_Students\Compiler\Step_04_Bottom_Up_Parser_Bison\Parser\Parser.vcxproj" on node 2 (rebuild target(s)).
     1>_PrepareForClean:
         Deleting file "Debug\Parser.lastbuildstate".
       InitializeBuildStatus:
         Creating "Debug\Parser.unsuccessfulbuild" because "AlwaysCreate" was specified.
       ClCompile:
         c:\Program Files (x86)\Microsoft Visual Studio 10.0\VC\bin\CL.exe /c /ZI /nologo /W3 /WX- /Od /Oy- /D WIN32 /D _DEBUG /D _CONSOLE /D _UNICODE /D UNICODE /Gm /EHsc /RTC1 /MDd /GS /fp:precise /Zc:wchar_t /Zc:forScope /Fo"Debug\\" /Fd"Debug\vc100.pdb" /Gd /TC /analyze- /errorReport:prompt ..\..\SOURCE_FILES\errormsg.c ..\..\SOURCE_FILES\util.c ..\Bison\tiger.tab.c ..\Flex\lex.yy.c AST.c driver.c
         driver.c
         AST.c
         lex.yy.c
         tiger.tab.c
         util.c
         errormsg.c
         Generating Code...
       Link:
         c:\Program Files (x86)\Microsoft Visual Studio 10.0\VC\bin\link.exe /ERRORREPORT:PROMPT /OUT:"C:\Users\Oren Ish Shalom\Dropbox\MTA\COMPILATION\2016-2017\Compilation\Compilation_For_Students\Compiler\Step_04_Bottom_Up_Parser_Bison\Parser\Debug\Parser.exe" /INCREMENTAL:NO /NOLOGO kernel32.lib user32.lib gdi32.lib winspool.lib comdlg32.lib advapi32.lib shell32.lib ole32.lib oleaut32.lib uuid.lib odbc32.lib odbccp32.lib /MANIFEST /ManifestFile:"Debug\Parser.exe.intermediate.manifest" /MANIFESTUAC:"level='asInvoker' uiAccess='false'" /DEBUG /PDB:"C:\Users\Oren Ish Shalom\Dropbox\MTA\COMPILATION\2016-2017\Compilation\Compilation_For_Students\Compiler\Step_04_Bottom_Up_Parser_Bison\Parser\Debug\Parser.pdb" /SUBSYSTEM:CONSOLE /TLBID:1 /DYNAMICBASE /NXCOMPAT /IMPLIB:"C:\Users\Oren Ish Shalom\Dropbox\MTA\COMPILATION\2016-2017\Compilation\Compilation_For_Students\Compiler\Step_04_Bottom_Up_Parser_Bison\Parser\Debug\Parser.lib" /MACHINE:X86 Debug\errormsg.obj
         Debug\util.obj
         Debug\tiger.tab.obj
         Debug\lex.yy.obj
         Debug\AST.obj
         Debug\driver.obj
     1>errormsg.obj : warning LNK4075: ignoring '/EDITANDCONTINUE' due to '/INCREMENTAL:NO' specification
         Parser.vcxproj -> C:\Users\Oren Ish Shalom\Dropbox\MTA\COMPILATION\2016-2017\Compilation\Compilation_For_Students\Compiler\Step_04_Bottom_Up_Parser_Bison\Parser\Debug\Parser.exe
       Manifest:
         C:\Program Files (x86)\Microsoft SDKs\Windows\v7.0A\bin\mt.exe /nologo /verbose /outputresource:"C:\Users\Oren Ish Shalom\Dropbox\MTA\COMPILATION\2016-2017\Compilation\Compilation_For_Students\Compiler\Step_04_Bottom_Up_Parser_Bison\Parser\Debug\Parser.exe;#1" /manifest Debug\Parser.exe.intermediate.manifest
       FinalizeBuildStatus:
         Deleting file "Debug\Parser.unsuccessfulbuild".
         Touching "Debug\Parser.lastbuildstate".
     1>Done Building Project "C:\Users\Oren Ish Shalom\Dropbox\MTA\COMPILATION\2016-2017\Compilation\Compilation_For_Students\Compiler\Step_04_Bottom_Up_Parser_Bison\Parser\Parser.vcxproj" (rebuild target(s)).

Build succeeded.

Time Elapsed 00:00:00.90
